{"numFailedTestSuites":3,"numFailedTests":4,"numPassedTestSuites":14,"numPassedTests":48,"numPendingTestSuites":0,"numPendingTests":0,"numRuntimeErrorTestSuites":0,"numTodoTests":0,"numTotalTestSuites":17,"numTotalTests":52,"openHandles":[],"snapshot":{"added":0,"didUpdate":false,"failure":false,"filesAdded":0,"filesRemoved":0,"filesRemovedList":[],"filesUnmatched":0,"filesUpdated":0,"matched":0,"total":0,"unchecked":0,"uncheckedKeysByFile":[],"unmatched":0,"updated":0},"startTime":1728118732803,"success":false,"testResults":[{"assertionResults":[{"ancestorTitles":[],"failureMessages":[],"fullName":"renders the alert component with correct data","location":null,"status":"passed","title":"renders the alert component with correct data"},{"ancestorTitles":[],"failureMessages":[],"fullName":"renders the Open Investigation button","location":null,"status":"passed","title":"renders the Open Investigation button"}],"endTime":1728118736380,"message":"","name":"/frontend/src/components/__tests__/Alert.test.js","startTime":1728118733777,"status":"passed","summary":""},{"assertionResults":[{"ancestorTitles":["MockAlertDetailsDialog"],"failureMessages":[],"fullName":"MockAlertDetailsDialog renders the mock dialog with alert details when open","location":null,"status":"passed","title":"renders the mock dialog with alert details when open"},{"ancestorTitles":["MockAlertDetailsDialog"],"failureMessages":[],"fullName":"MockAlertDetailsDialog calls onClose when the close button is clicked","location":null,"status":"passed","title":"calls onClose when the close button is clicked"},{"ancestorTitles":["MockAlertDetailsDialog"],"failureMessages":[],"fullName":"MockAlertDetailsDialog calls onAssign when the assign button is clicked","location":null,"status":"passed","title":"calls onAssign when the assign button is clicked"}],"endTime":1728118737989,"message":"","name":"/frontend/src/components/__tests__/AlertDetailsDialog.test.js","startTime":1728118733778,"status":"passed","summary":""},{"assertionResults":[{"ancestorTitles":["MockAdminForm"],"failureMessages":[],"fullName":"MockAdminForm renders the mock admin form","location":null,"status":"passed","title":"renders the mock admin form"},{"ancestorTitles":["MockAdminForm"],"failureMessages":[],"fullName":"MockAdminForm calls handleInputChange when input fields change","location":null,"status":"passed","title":"calls handleInputChange when input fields change"},{"ancestorTitles":["MockAdminForm"],"failureMessages":[],"fullName":"MockAdminForm calls handleSubmit when the form is submitted","location":null,"status":"passed","title":"calls handleSubmit when the form is submitted"},{"ancestorTitles":["MockAdminForm"],"failureMessages":[],"fullName":"MockAdminForm displays loading state","location":null,"status":"passed","title":"displays loading state"},{"ancestorTitles":["MockAdminForm"],"failureMessages":[],"fullName":"MockAdminForm displays error message","location":null,"status":"passed","title":"displays error message"},{"ancestorTitles":["MockAdminForm"],"failureMessages":[],"fullName":"MockAdminForm displays success message","location":null,"status":"passed","title":"displays success message"}],"endTime":1728118738374,"message":"","name":"/frontend/src/components/__tests__/AdminForm.test.js","startTime":1728118733778,"status":"passed","summary":""},{"assertionResults":[{"ancestorTitles":["Logs Charts"],"failureMessages":[],"fullName":"Logs Charts renders LogsPerHourChart with provided data","location":null,"status":"passed","title":"renders LogsPerHourChart with provided data"},{"ancestorTitles":["Logs Charts"],"failureMessages":[],"fullName":"Logs Charts renders LogsByDeviceChart with provided data","location":null,"status":"passed","title":"renders LogsByDeviceChart with provided data"},{"ancestorTitles":["Logs Charts"],"failureMessages":[],"fullName":"Logs Charts renders CpuLoadChart with provided data","location":null,"status":"passed","title":"renders CpuLoadChart with provided data"},{"ancestorTitles":["Logs Charts"],"failureMessages":[],"fullName":"Logs Charts renders RamUsageChart with provided data","location":null,"status":"passed","title":"renders RamUsageChart with provided data"},{"ancestorTitles":["Logs Charts"],"failureMessages":[],"fullName":"Logs Charts renders DiskUsageChart with provided data","location":null,"status":"passed","title":"renders DiskUsageChart with provided data"}],"endTime":1728118738517,"message":"","name":"/frontend/src/components/__tests__/LogsCharts.test.js","startTime":1728118736443,"status":"passed","summary":""},{"assertionResults":[{"ancestorTitles":["LogDetailDialog"],"failureMessages":[],"fullName":"LogDetailDialog renders the dialog with log details when open","location":null,"status":"passed","title":"renders the dialog with log details when open"},{"ancestorTitles":["LogDetailDialog"],"failureMessages":[],"fullName":"LogDetailDialog does not render the dialog when closed","location":null,"status":"passed","title":"does not render the dialog when closed"},{"ancestorTitles":["LogDetailDialog"],"failureMessages":[],"fullName":"LogDetailDialog calls onClose when close button is clicked","location":null,"status":"passed","title":"calls onClose when close button is clicked"}],"endTime":1728118738935,"message":"","name":"/frontend/src/components/__tests__/LogDetailDialog.test.js","startTime":1728118738045,"status":"passed","summary":""},{"assertionResults":[{"ancestorTitles":["CreateAnalystUserForm"],"failureMessages":[],"fullName":"CreateAnalystUserForm renders the form with initial fields","location":null,"status":"passed","title":"renders the form with initial fields"},{"ancestorTitles":["CreateAnalystUserForm"],"failureMessages":[],"fullName":"CreateAnalystUserForm displays success message when submitted","location":null,"status":"passed","title":"displays success message when submitted"},{"ancestorTitles":["CreateAnalystUserForm"],"failureMessages":[],"fullName":"CreateAnalystUserForm displays error message when there is an error","location":null,"status":"passed","title":"displays error message when there is an error"},{"ancestorTitles":["CreateAnalystUserForm"],"failureMessages":[],"fullName":"CreateAnalystUserForm calls onSubmit when the form is submitted","location":null,"status":"passed","title":"calls onSubmit when the form is submitted"}],"endTime":1728118739439,"message":"","name":"/frontend/src/components/__tests__/CreateAnalystUserForm.test.js","startTime":1728118738425,"status":"passed","summary":""},{"assertionResults":[{"ancestorTitles":["OpenInvestigationsNotification Component"],"failureMessages":[],"fullName":"OpenInvestigationsNotification Component renders notification button","location":null,"status":"passed","title":"renders notification button"},{"ancestorTitles":["OpenInvestigationsNotification Component"],"failureMessages":[],"fullName":"OpenInvestigationsNotification Component shows open investigations in dialog when button is clicked","location":null,"status":"passed","title":"shows open investigations in dialog when button is clicked"},{"ancestorTitles":["OpenInvestigationsNotification Component"],"failureMessages":[],"fullName":"OpenInvestigationsNotification Component shows message when there are no open investigations","location":null,"status":"passed","title":"shows message when there are no open investigations"}],"endTime":1728118739567,"message":"","name":"/frontend/src/components/__tests__/OpenInvestigationsNotification.test.js","startTime":1728118738562,"status":"passed","summary":""},{"assertionResults":[{"ancestorTitles":["PrivateRoute Component"],"failureMessages":[],"fullName":"PrivateRoute Component renders loading state when loading is true","location":null,"status":"passed","title":"renders loading state when loading is true"},{"ancestorTitles":["PrivateRoute Component"],"failureMessages":[],"fullName":"PrivateRoute Component bypasses authentication when REACT_APP_BYPASS_AUTH is true","location":null,"status":"passed","title":"bypasses authentication when REACT_APP_BYPASS_AUTH is true"},{"ancestorTitles":["PrivateRoute Component"],"failureMessages":[],"fullName":"PrivateRoute Component redirects to login when user is not authenticated","location":null,"status":"passed","title":"redirects to login when user is not authenticated"},{"ancestorTitles":["PrivateRoute Component"],"failureMessages":[],"fullName":"PrivateRoute Component renders children or Outlet when user is authenticated","location":null,"status":"passed","title":"renders children or Outlet when user is authenticated"},{"ancestorTitles":["PrivateRoute Component"],"failureMessages":[],"fullName":"PrivateRoute Component redirects to dashboard when user lacks the required role","location":null,"status":"passed","title":"redirects to dashboard when user lacks the required role"}],"endTime":1728118739985,"message":"","name":"/frontend/src/components/__tests__/PrivateRoute.test.js","startTime":1728118733778,"status":"passed","summary":""},{"assertionResults":[{"ancestorTitles":["MockLogin"],"failureMessages":["TestingLibraryElementError: Found multiple elements with the text: /Sign In/i\n\nHere are the matching elements:\n\nIgnored nodes: comments, script, style\n\u001b[36m<h5\u001b[39m\n  \u001b[33mclass\u001b[39m=\u001b[32m\"MuiTypography-root MuiTypography-h5 MuiTypography-gutterBottom css-h93ljk-MuiTypography-root\"\u001b[39m\n\u001b[36m>\u001b[39m\n  \u001b[0mSign In\u001b[0m\n\u001b[36m</h5>\u001b[39m\n\nIgnored nodes: comments, script, style\n\u001b[36m<button\u001b[39m\n  \u001b[33mclass\u001b[39m=\u001b[32m\"MuiButtonBase-root MuiButton-root MuiButton-contained MuiButton-containedPrimary MuiButton-sizeMedium MuiButton-containedSizeMedium MuiButton-colorPrimary MuiButton-fullWidth MuiButton-root MuiButton-contained MuiButton-containedPrimary MuiButton-sizeMedium MuiButton-containedSizeMedium MuiButton-colorPrimary MuiButton-fullWidth css-1fu7jd5-MuiButtonBase-root-MuiButton-root\"\u001b[39m\n  \u001b[33mtabindex\u001b[39m=\u001b[32m\"0\"\u001b[39m\n  \u001b[33mtype\u001b[39m=\u001b[32m\"submit\"\u001b[39m\n\u001b[36m>\u001b[39m\n  \u001b[0mSign In\u001b[0m\n  \u001b[36m<span\u001b[39m\n    \u001b[33mclass\u001b[39m=\u001b[32m\"MuiTouchRipple-root css-8je8zh-MuiTouchRipple-root\"\u001b[39m\n  \u001b[36m/>\u001b[39m\n\u001b[36m</button>\u001b[39m\n\n(If this is intentional, then use the `*AllBy*` variant of the query (like `queryAllByText`, `getAllByText`, or `findAllByText`)).\n\nIgnored nodes: comments, script, style\n\u001b[36m<body>\u001b[39m\n  \u001b[36m<div>\u001b[39m\n    \u001b[36m<form\u001b[39m\n      \u001b[33mclass\u001b[39m=\u001b[32m\"MuiBox-root css-0\"\u001b[39m\n      \u001b[33mnovalidate\u001b[39m=\u001b[32m\"\"\u001b[39m\n    \u001b[36m>\u001b[39m\n      \u001b[36m<h5\u001b[39m\n        \u001b[33mclass\u001b[39m=\u001b[32m\"MuiTypography-root MuiTypography-h5 MuiTypography-gutterBottom css-h93ljk-MuiTypography-root\"\u001b[39m\n      \u001b[36m>\u001b[39m\n        \u001b[0mSign In\u001b[0m\n      \u001b[36m</h5>\u001b[39m\n      \u001b[36m<div\u001b[39m\n        \u001b[33mclass\u001b[39m=\u001b[32m\"MuiFormControl-root MuiFormControl-marginNormal MuiFormControl-fullWidth MuiTextField-root css-17vbkzs-MuiFormControl-root-MuiTextField-root\"\u001b[39m\n      \u001b[36m>\u001b[39m\n        \u001b[36m<label\u001b[39m\n          \u001b[33mclass\u001b[39m=\u001b[32m\"MuiFormLabel-root MuiInputLabel-root MuiInputLabel-formControl MuiInputLabel-animated MuiInputLabel-shrink MuiInputLabel-sizeMedium MuiInputLabel-outlined MuiFormLabel-colorPrimary Mui-focused Mui-required MuiInputLabel-root MuiInputLabel-formControl MuiInputLabel-animated MuiInputLabel-shrink MuiInputLabel-sizeMedium MuiInputLabel-outlined css-1jy569b-MuiFormLabel-root-MuiInputLabel-root\"\u001b[39m\n          \u001b[33mdata-shrink\u001b[39m=\u001b[32m\"true\"\u001b[39m\n          \u001b[33mfor\u001b[39m=\u001b[32m\"email\"\u001b[39m\n          \u001b[33mid\u001b[39m=\u001b[32m\"email-label\"\u001b[39m\n        \u001b[36m>\u001b[39m\n          \u001b[0mEmail\u001b[0m\n          \u001b[36m<span\u001b[39m\n            \u001b[33maria-hidden\u001b[39m=\u001b[32m\"true\"\u001b[39m\n            \u001b[33mclass\u001b[39m=\u001b[32m\"MuiFormLabel-asterisk MuiInputLabel-asterisk css-wgai2y-MuiFormLabel-asterisk\"\u001b[39m\n          \u001b[36m>\u001b[39m\n            \u001b[0m \u001b[0m\n            \u001b[0m*\u001b[0m\n          \u001b[36m</span>\u001b[39m\n        \u001b[36m</label>\u001b[39m\n        \u001b[36m<div\u001b[39m\n          \u001b[33mclass\u001b[39m=\u001b[32m\"MuiInputBase-root MuiOutlinedInput-root MuiInputBase-colorPrimary MuiInputBase-fullWidth Mui-focused MuiInputBase-formControl css-md26zr-MuiInputBase-root-MuiOutlinedInput-root\"\u001b[39m\n        \u001b[36m>\u001b[39m\n          \u001b[36m<input\u001b[39m\n            \u001b[33maria-invalid\u001b[39m=\u001b[32m\"false\"\u001b[39m\n            \u001b[33mautocomplete\u001b[39m=\u001b[32m\"email\"\u001b[39m\n            \u001b[33mclass\u001b[39m=\u001b[32m\"MuiInputBase-input MuiOutlinedInput-input css-1t8l2tu-MuiInputBase-input-MuiOutlinedInput-input\"\u001b[39m\n            \u001b[33mid\u001b[39m=\u001b[32m\"email\"\u001b[39m\n            \u001b[33mname\u001b[39m=\u001b[32m\"email\"\u001b[39m\n            \u001b[33mrequired\u001b[39m=\u001b[32m\"\"\u001b[39m\n            \u001b[33mtype\u001b[39m=\u001b[32m\"text\"\u001b[39m\n            \u001b[33mvalue\u001b[39m=\u001b[32m\"\"\u001b[39m\n          \u001b[36m/>\u001b[39m\n          \u001b[36m<fieldset\u001b[39m\n            \u001b[33maria-hidden\u001b[39m=\u001b[32m\"true\"\u001b[39m\n            \u001b[33mclass\u001b[39m=\u001b[32m\"MuiOutlinedInput-notchedOutline css-1d3z3hw-MuiOutlinedInput-notchedOutline\"\u001b[39m\n          \u001b[36m>\u001b[39m\n            \u001b[36m<legend\u001b[39m\n              \u001b[33mclass\u001b[39m=\u001b[32m\"css-14lo706\"\u001b[39m\n            \u001b[36m>\u001b[39m\n              \u001b[36m<span>\u001b[39m\n                \u001b[0mEmail\u001b[0m\n                \u001b[0m \u001b[0m\n                \u001b[0m*\u001b[0m\n              \u001b[36m</span>\u001b[39m\n            \u001b[36m</legend>\u001b[39m\n          \u001b[36m</fieldset>\u001b[39m\n        \u001b[36m</div>\u001b[39m\n      \u001b[36m</div>\u001b[39m\n      \u001b[36m<div\u001b[39m\n        \u001b[33mclass\u001b[39m=\u001b[32m\"MuiFormControl-root MuiFormControl-marginNormal MuiFormControl-fullWidth MuiTextField-root css-17vbkzs-MuiFormControl-root-MuiTextField-root\"\u001b[39m\n      \u001b[36m>\u001b[39m\n        \u001b[36m<label\u001b[39m\n          \u001b[33mclass\u001b[39m=\u001b[32m\"MuiFormLabel-root MuiInputLabel-root MuiInputLabel-formControl MuiInputLabel-animated MuiInputLabel-sizeMedium MuiInputLabel-outlined MuiFormLabel-colorPrimary Mui-required MuiInputLabel-root MuiInputLabel-formControl MuiInputLabel-animated MuiInputLabel-sizeMedium MuiInputLabel-outlined css-14s5rfu-MuiFormLabel-root-MuiInputLabel-root\"\u001b[39m\n          \u001b[33mdata-shrink\u001b[39m=\u001b[32m\"false\"\u001b[39m\n          \u001b[33mfor\u001b[39m=\u001b[32m\"password\"\u001b[39m\n          \u001b[33mid\u001b[39m=\u001b[32m\"password-label\"\u001b[39m\n        \u001b[36m>\u001b[39m\n          \u001b[0mPassword\u001b[0m\n          \u001b[36m<span\u001b[39m\n            \u001b[33maria-hidden\u001b[39m=\u001b[32m\"true\"\u001b[39m\n            \u001b[33mclass\u001b[39m=\u001b[32m\"MuiFormLabel-asterisk MuiInputLabel-asterisk css-wgai2y-MuiFormLabel-asterisk\"\u001b[39m\n          \u001b[36m>\u001b[39m\n            \u001b[0m \u001b[0m\n            \u001b[0m*\u001b[0m\n          \u001b[36m</span>\u001b[39m\n        \u001b[36m</label>\u001b[39m\n        \u001b[36m<div\u001b[39m\n          \u001b[33mclass\u001b[39m=\u001b[32m\"MuiInputBase-root MuiOutlinedInput-root MuiInputBase-colorPrimary MuiInputBase-fullWidth MuiInputBase-formControl css-md26zr-MuiInputBase-root-MuiOutlinedInput-root\"\u001b[39m\n        \u001b[36m>\u001b[39m\n          \u001b[36m<input\u001b[39m\n            \u001b[33maria-invalid\u001b[39m=\u001b[32m\"false\"\u001b[39m\n            \u001b[33mautocomplete\u001b[39m=\u001b[32m\"current-password\"\u001b[39m\n            \u001b[33mclass\u001b[39m=\u001b[32m\"MuiInputBase-input MuiOutlinedInput-input css-1t8l2tu-MuiInputBase-input-MuiOutlinedInput-input\"\u001b[39m\n            \u001b[33mid\u001b[39m=\u001b[32m\"password\"\u001b[39m\n            \u001b[33mname\u001b[39m=\u001b[32m\"password\"\u001b[39m\n            \u001b[33mrequired\u001b[39m=\u001b[32m\"\"\u001b[39m\n            \u001b[33mtype\u001b[39m=\u001b[32m\"password\"\u001b[39m\n            \u001b[33mvalue\u001b[39m=\u001b[32m\"\"\u001b[39m\n          \u001b[36m/>\u001b[39m\n          \u001b[36m<fieldset\u001b[39m\n            \u001b[33maria-hidden\u001b[39m=\u001b[32m\"true\"\u001b[39m\n            \u001b[33mclass\u001b[39m=\u001b[32m\"MuiOutlinedInput-notchedOutline css-1d3z3hw-MuiOutlinedInput-notchedOutline\"\u001b[39m\n          \u001b[36m>\u001b[39m\n            \u001b[36m<legend\u001b[39m\n              \u001b[33mclass\u001b[39m=\u001b[32m\"css-yjsfm1\"\u001b[39m\n            \u001b[36m>\u001b[39m\n              \u001b[36m<span>\u001b[39m\n                \u001b[0mPassword\u001b[0m\n                \u001b[0m \u001b[0m\n                \u001b[0m*\u001b[0m\n              \u001b[36m</span>\u001b[39m\n            \u001b[36m</legend>\u001b[39m\n          \u001b[36m</fieldset>\u001b[39m\n        \u001b[36m</div>\u001b[39m\n      \u001b[36m</div>\u001b[39m\n      \u001b[36m<button\u001b[39m\n        \u001b[33mclass\u001b[39m=\u001b[32m\"MuiButtonBase-root MuiButton-root MuiButton-contained MuiButton-containedPrimary MuiButton-sizeMedium MuiButton-containedSizeMedium MuiButton-colorPrimary MuiButton-fullWidth MuiButton-root MuiButton-contained MuiButton-containedPrimary MuiButton-sizeMedium MuiButton-containedSizeMedium MuiButton-colorPrimary MuiButton-fullWidth css-1fu7jd5-MuiButtonBase-root-MuiButton-root\"\u001b[39m\n        \u001b[33mtabindex\u001b[39m=\u001b[32m\"0\"\u001b[39m\n        \u001b[33mtype\u001b[39m=\u001b[32m\"submit\"\u001b[39m\n      \u001b[36m>\u001b[39m\n        \u001b[0mSign In\u001b[0m\n        \u001b[36m<span\u001b[39m\n          \u001b[33mclass\u001b[39m=\u001b[32m\"MuiTouchRipple-root css-8je8zh-MuiTouchRipple-root\"\u001b[39m\n        \u001b[36m/>\u001b[39m\n      \u001b[36m</button>\u001b[39m\n    \u001b[36m</form>\u001b[39m\n  \u001b[36m</div>\u001b[39m\n\u001b[36m</body>\u001b[39m\n    at Object.getElementError (/frontend/node_modules/@testing-library/react/node_modules/@testing-library/dom/dist/config.js:37:19)\n    at getElementError (/frontend/node_modules/@testing-library/react/node_modules/@testing-library/dom/dist/query-helpers.js:20:35)\n    at getMultipleElementsFoundError (/frontend/node_modules/@testing-library/react/node_modules/@testing-library/dom/dist/query-helpers.js:23:10)\n    at /frontend/node_modules/@testing-library/react/node_modules/@testing-library/dom/dist/query-helpers.js:55:13\n    at getByText (/frontend/node_modules/@testing-library/react/node_modules/@testing-library/dom/dist/query-helpers.js:95:19)\n    at Object.<anonymous> (/frontend/src/components/__tests__/Login.test.js:11:23)\n    at Promise.then.completed (/frontend/node_modules/jest-circus/build/utils.js:391:28)\n    at new Promise (<anonymous>)\n    at callAsyncCircusFn (/frontend/node_modules/jest-circus/build/utils.js:316:10)\n    at _callCircusTest (/frontend/node_modules/jest-circus/build/run.js:218:40)\n    at processTicksAndRejections (node:internal/process/task_queues:95:5)\n    at _runTest (/frontend/node_modules/jest-circus/build/run.js:155:3)\n    at _runTestsForDescribeBlock (/frontend/node_modules/jest-circus/build/run.js:66:9)\n    at _runTestsForDescribeBlock (/frontend/node_modules/jest-circus/build/run.js:60:9)\n    at run (/frontend/node_modules/jest-circus/build/run.js:25:3)\n    at runAndTransformResultsToJestFormat (/frontend/node_modules/jest-circus/build/legacy-code-todo-rewrite/jestAdapterInit.js:170:21)\n    at jestAdapter (/frontend/node_modules/jest-circus/build/legacy-code-todo-rewrite/jestAdapter.js:82:19)\n    at runTestInternal (/frontend/node_modules/jest-runner/build/runTest.js:389:16)\n    at runTest (/frontend/node_modules/jest-runner/build/runTest.js:475:34)\n    at Object.worker (/frontend/node_modules/jest-runner/build/testWorker.js:133:12)"],"fullName":"MockLogin renders the login form","location":null,"status":"failed","title":"renders the login form"},{"ancestorTitles":["MockLogin"],"failureMessages":[],"fullName":"MockLogin displays error message when provided","location":null,"status":"passed","title":"displays error message when provided"},{"ancestorTitles":["MockLogin"],"failureMessages":[],"fullName":"MockLogin calls onSubmit when form is submitted","location":null,"status":"passed","title":"calls onSubmit when form is submitted"}],"endTime":1728118740012,"message":"\u001b[1m\u001b[31m  \u001b[1m● \u001b[22m\u001b[1mMockLogin › renders the login form\u001b[39m\u001b[22m\n\n    TestingLibraryElementError: Found multiple elements with the text: /Sign In/i\n\n    Here are the matching elements:\n\n    Ignored nodes: comments, script, style\n    \u001b[36m<h5\u001b[39m\n      \u001b[33mclass\u001b[39m=\u001b[32m\"MuiTypography-root MuiTypography-h5 MuiTypography-gutterBottom css-h93ljk-MuiTypography-root\"\u001b[39m\n    \u001b[36m>\u001b[39m\n      \u001b[0mSign In\u001b[0m\n    \u001b[36m</h5>\u001b[39m\n\n    Ignored nodes: comments, script, style\n    \u001b[36m<button\u001b[39m\n      \u001b[33mclass\u001b[39m=\u001b[32m\"MuiButtonBase-root MuiButton-root MuiButton-contained MuiButton-containedPrimary MuiButton-sizeMedium MuiButton-containedSizeMedium MuiButton-colorPrimary MuiButton-fullWidth MuiButton-root MuiButton-contained MuiButton-containedPrimary MuiButton-sizeMedium MuiButton-containedSizeMedium MuiButton-colorPrimary MuiButton-fullWidth css-1fu7jd5-MuiButtonBase-root-MuiButton-root\"\u001b[39m\n      \u001b[33mtabindex\u001b[39m=\u001b[32m\"0\"\u001b[39m\n      \u001b[33mtype\u001b[39m=\u001b[32m\"submit\"\u001b[39m\n    \u001b[36m>\u001b[39m\n      \u001b[0mSign In\u001b[0m\n      \u001b[36m<span\u001b[39m\n        \u001b[33mclass\u001b[39m=\u001b[32m\"MuiTouchRipple-root css-8je8zh-MuiTouchRipple-root\"\u001b[39m\n      \u001b[36m/>\u001b[39m\n    \u001b[36m</button>\u001b[39m\n\n    (If this is intentional, then use the `*AllBy*` variant of the query (like `queryAllByText`, `getAllByText`, or `findAllByText`)).\n\n    Ignored nodes: comments, script, style\n    \u001b[36m<body>\u001b[39m\n      \u001b[36m<div>\u001b[39m\n        \u001b[36m<form\u001b[39m\n          \u001b[33mclass\u001b[39m=\u001b[32m\"MuiBox-root css-0\"\u001b[39m\n          \u001b[33mnovalidate\u001b[39m=\u001b[32m\"\"\u001b[39m\n        \u001b[36m>\u001b[39m\n          \u001b[36m<h5\u001b[39m\n            \u001b[33mclass\u001b[39m=\u001b[32m\"MuiTypography-root MuiTypography-h5 MuiTypography-gutterBottom css-h93ljk-MuiTypography-root\"\u001b[39m\n          \u001b[36m>\u001b[39m\n            \u001b[0mSign In\u001b[0m\n          \u001b[36m</h5>\u001b[39m\n          \u001b[36m<div\u001b[39m\n            \u001b[33mclass\u001b[39m=\u001b[32m\"MuiFormControl-root MuiFormControl-marginNormal MuiFormControl-fullWidth MuiTextField-root css-17vbkzs-MuiFormControl-root-MuiTextField-root\"\u001b[39m\n          \u001b[36m>\u001b[39m\n            \u001b[36m<label\u001b[39m\n              \u001b[33mclass\u001b[39m=\u001b[32m\"MuiFormLabel-root MuiInputLabel-root MuiInputLabel-formControl MuiInputLabel-animated MuiInputLabel-shrink MuiInputLabel-sizeMedium MuiInputLabel-outlined MuiFormLabel-colorPrimary Mui-focused Mui-required MuiInputLabel-root MuiInputLabel-formControl MuiInputLabel-animated MuiInputLabel-shrink MuiInputLabel-sizeMedium MuiInputLabel-outlined css-1jy569b-MuiFormLabel-root-MuiInputLabel-root\"\u001b[39m\n              \u001b[33mdata-shrink\u001b[39m=\u001b[32m\"true\"\u001b[39m\n              \u001b[33mfor\u001b[39m=\u001b[32m\"email\"\u001b[39m\n              \u001b[33mid\u001b[39m=\u001b[32m\"email-label\"\u001b[39m\n            \u001b[36m>\u001b[39m\n              \u001b[0mEmail\u001b[0m\n              \u001b[36m<span\u001b[39m\n                \u001b[33maria-hidden\u001b[39m=\u001b[32m\"true\"\u001b[39m\n                \u001b[33mclass\u001b[39m=\u001b[32m\"MuiFormLabel-asterisk MuiInputLabel-asterisk css-wgai2y-MuiFormLabel-asterisk\"\u001b[39m\n              \u001b[36m>\u001b[39m\n                \u001b[0m \u001b[0m\n                \u001b[0m*\u001b[0m\n              \u001b[36m</span>\u001b[39m\n            \u001b[36m</label>\u001b[39m\n            \u001b[36m<div\u001b[39m\n              \u001b[33mclass\u001b[39m=\u001b[32m\"MuiInputBase-root MuiOutlinedInput-root MuiInputBase-colorPrimary MuiInputBase-fullWidth Mui-focused MuiInputBase-formControl css-md26zr-MuiInputBase-root-MuiOutlinedInput-root\"\u001b[39m\n            \u001b[36m>\u001b[39m\n              \u001b[36m<input\u001b[39m\n                \u001b[33maria-invalid\u001b[39m=\u001b[32m\"false\"\u001b[39m\n                \u001b[33mautocomplete\u001b[39m=\u001b[32m\"email\"\u001b[39m\n                \u001b[33mclass\u001b[39m=\u001b[32m\"MuiInputBase-input MuiOutlinedInput-input css-1t8l2tu-MuiInputBase-input-MuiOutlinedInput-input\"\u001b[39m\n                \u001b[33mid\u001b[39m=\u001b[32m\"email\"\u001b[39m\n                \u001b[33mname\u001b[39m=\u001b[32m\"email\"\u001b[39m\n                \u001b[33mrequired\u001b[39m=\u001b[32m\"\"\u001b[39m\n                \u001b[33mtype\u001b[39m=\u001b[32m\"text\"\u001b[39m\n                \u001b[33mvalue\u001b[39m=\u001b[32m\"\"\u001b[39m\n              \u001b[36m/>\u001b[39m\n              \u001b[36m<fieldset\u001b[39m\n                \u001b[33maria-hidden\u001b[39m=\u001b[32m\"true\"\u001b[39m\n                \u001b[33mclass\u001b[39m=\u001b[32m\"MuiOutlinedInput-notchedOutline css-1d3z3hw-MuiOutlinedInput-notchedOutline\"\u001b[39m\n              \u001b[36m>\u001b[39m\n                \u001b[36m<legend\u001b[39m\n                  \u001b[33mclass\u001b[39m=\u001b[32m\"css-14lo706\"\u001b[39m\n                \u001b[36m>\u001b[39m\n                  \u001b[36m<span>\u001b[39m\n                    \u001b[0mEmail\u001b[0m\n                    \u001b[0m \u001b[0m\n                    \u001b[0m*\u001b[0m\n                  \u001b[36m</span>\u001b[39m\n                \u001b[36m</legend>\u001b[39m\n              \u001b[36m</fieldset>\u001b[39m\n            \u001b[36m</div>\u001b[39m\n          \u001b[36m</div>\u001b[39m\n          \u001b[36m<div\u001b[39m\n            \u001b[33mclass\u001b[39m=\u001b[32m\"MuiFormControl-root MuiFormControl-marginNormal MuiFormControl-fullWidth MuiTextField-root css-17vbkzs-MuiFormControl-root-MuiTextField-root\"\u001b[39m\n          \u001b[36m>\u001b[39m\n            \u001b[36m<label\u001b[39m\n              \u001b[33mclass\u001b[39m=\u001b[32m\"MuiFormLabel-root MuiInputLabel-root MuiInputLabel-formControl MuiInputLabel-animated MuiInputLabel-sizeMedium MuiInputLabel-outlined MuiFormLabel-colorPrimary Mui-required MuiInputLabel-root MuiInputLabel-formControl MuiInputLabel-animated MuiInputLabel-sizeMedium MuiInputLabel-outlined css-14s5rfu-MuiFormLabel-root-MuiInputLabel-root\"\u001b[39m\n              \u001b[33mdata-shrink\u001b[39m=\u001b[32m\"false\"\u001b[39m\n              \u001b[33mfor\u001b[39m=\u001b[32m\"password\"\u001b[39m\n              \u001b[33mid\u001b[39m=\u001b[32m\"password-label\"\u001b[39m\n            \u001b[36m>\u001b[39m\n              \u001b[0mPassword\u001b[0m\n              \u001b[36m<span\u001b[39m\n                \u001b[33maria-hidden\u001b[39m=\u001b[32m\"true\"\u001b[39m\n                \u001b[33mclass\u001b[39m=\u001b[32m\"MuiFormLabel-asterisk MuiInputLabel-asterisk css-wgai2y-MuiFormLabel-asterisk\"\u001b[39m\n              \u001b[36m>\u001b[39m\n                \u001b[0m \u001b[0m\n                \u001b[0m*\u001b[0m\n              \u001b[36m</span>\u001b[39m\n            \u001b[36m</label>\u001b[39m\n            \u001b[36m<div\u001b[39m\n              \u001b[33mclass\u001b[39m=\u001b[32m\"MuiInputBase-root MuiOutlinedInput-root MuiInputBase-colorPrimary MuiInputBase-fullWidth MuiInputBase-formControl css-md26zr-MuiInputBase-root-MuiOutlinedInput-root\"\u001b[39m\n            \u001b[36m>\u001b[39m\n              \u001b[36m<input\u001b[39m\n                \u001b[33maria-invalid\u001b[39m=\u001b[32m\"false\"\u001b[39m\n                \u001b[33mautocomplete\u001b[39m=\u001b[32m\"current-password\"\u001b[39m\n                \u001b[33mclass\u001b[39m=\u001b[32m\"MuiInputBase-input MuiOutlinedInput-input css-1t8l2tu-MuiInputBase-input-MuiOutlinedInput-input\"\u001b[39m\n                \u001b[33mid\u001b[39m=\u001b[32m\"password\"\u001b[39m\n                \u001b[33mname\u001b[39m=\u001b[32m\"password\"\u001b[39m\n                \u001b[33mrequired\u001b[39m=\u001b[32m\"\"\u001b[39m\n                \u001b[33mtype\u001b[39m=\u001b[32m\"password\"\u001b[39m\n                \u001b[33mvalue\u001b[39m=\u001b[32m\"\"\u001b[39m\n              \u001b[36m/>\u001b[39m\n              \u001b[36m<fieldset\u001b[39m\n                \u001b[33maria-hidden\u001b[39m=\u001b[32m\"true\"\u001b[39m\n                \u001b[33mclass\u001b[39m=\u001b[32m\"MuiOutlinedInput-notchedOutline css-1d3z3hw-MuiOutlinedInput-notchedOutline\"\u001b[39m\n              \u001b[36m>\u001b[39m\n                \u001b[36m<legend\u001b[39m\n                  \u001b[33mclass\u001b[39m=\u001b[32m\"css-yjsfm1\"\u001b[39m\n                \u001b[36m>\u001b[39m\n                  \u001b[36m<span>\u001b[39m\n                    \u001b[0mPassword\u001b[0m\n                    \u001b[0m \u001b[0m\n                    \u001b[0m*\u001b[0m\n                  \u001b[36m</span>\u001b[39m\n                \u001b[36m</legend>\u001b[39m\n              \u001b[36m</fieldset>\u001b[39m\n            \u001b[36m</div>\u001b[39m\n          \u001b[36m</div>\u001b[39m\n          \u001b[36m<button\u001b[39m\n            \u001b[33mclass\u001b[39m=\u001b[32m\"MuiButtonBase-root MuiButton-root MuiButton-contained MuiButton-containedPrimary MuiButton-sizeMedium MuiButton-containedSizeMedium MuiButton-colorPrimary MuiButton-fullWidth MuiButton-root MuiButton-contained MuiButton-containedPrimary MuiButton-sizeMedium MuiButton-containedSizeMedium MuiButton-colorPrimary MuiButton-fullWidth css-1fu7jd5-MuiButtonBase-root-MuiButton-root\"\u001b[39m\n            \u001b[33mtabindex\u001b[39m=\u001b[32m\"0\"\u001b[39m\n            \u001b[33mtype\u001b[39m=\u001b[32m\"submit\"\u001b[39m\n          \u001b[36m>\u001b[39m\n            \u001b[0mSign In\u001b[0m\n            \u001b[36m<span\u001b[39m\n              \u001b[33mclass\u001b[39m=\u001b[32m\"MuiTouchRipple-root css-8je8zh-MuiTouchRipple-root\"\u001b[39m\n            \u001b[36m/>\u001b[39m\n          \u001b[36m</button>\u001b[39m\n        \u001b[36m</form>\u001b[39m\n      \u001b[36m</div>\u001b[39m\n    \u001b[36m</body>\u001b[39m\n\u001b[2m\u001b[22m\n\u001b[2m    \u001b[0m \u001b[90m  9 |\u001b[39m         render(\u001b[33m<\u001b[39m\u001b[33mMockLogin\u001b[39m \u001b[33m/\u001b[39m\u001b[33m>\u001b[39m)\u001b[33m;\u001b[39m\u001b[22m\n\u001b[2m     \u001b[90m 10 |\u001b[39m\u001b[22m\n\u001b[2m    \u001b[31m\u001b[1m>\u001b[22m\u001b[2m\u001b[39m\u001b[90m 11 |\u001b[39m         expect(screen\u001b[33m.\u001b[39mgetByText(\u001b[35m/Sign In/i\u001b[39m))\u001b[33m.\u001b[39mtoBeInTheDocument()\u001b[33m;\u001b[39m\u001b[22m\n\u001b[2m     \u001b[90m    |\u001b[39m                       \u001b[31m\u001b[1m^\u001b[22m\u001b[2m\u001b[39m\u001b[22m\n\u001b[2m     \u001b[90m 12 |\u001b[39m         expect(screen\u001b[33m.\u001b[39mgetByLabelText(\u001b[35m/Email/i\u001b[39m))\u001b[33m.\u001b[39mtoBeInTheDocument()\u001b[33m;\u001b[39m\u001b[22m\n\u001b[2m     \u001b[90m 13 |\u001b[39m         expect(screen\u001b[33m.\u001b[39mgetByLabelText(\u001b[35m/Password/i\u001b[39m))\u001b[33m.\u001b[39mtoBeInTheDocument()\u001b[33m;\u001b[39m\u001b[22m\n\u001b[2m     \u001b[90m 14 |\u001b[39m         expect(screen\u001b[33m.\u001b[39mgetByRole(\u001b[32m'button'\u001b[39m\u001b[33m,\u001b[39m { name\u001b[33m:\u001b[39m \u001b[35m/Sign In/i\u001b[39m }))\u001b[33m.\u001b[39mtoBeInTheDocument()\u001b[33m;\u001b[39m\u001b[0m\u001b[22m\n\u001b[2m\u001b[22m\n\u001b[2m      \u001b[2mat Object.getElementError (\u001b[22m\u001b[2mnode_modules/@testing-library/react/node_modules/@testing-library/dom/dist/config.js\u001b[2m:37:19)\u001b[22m\u001b[2m\u001b[22m\n\u001b[2m      \u001b[2mat getElementError (\u001b[22m\u001b[2mnode_modules/@testing-library/react/node_modules/@testing-library/dom/dist/query-helpers.js\u001b[2m:20:35)\u001b[22m\u001b[2m\u001b[22m\n\u001b[2m      \u001b[2mat getMultipleElementsFoundError (\u001b[22m\u001b[2mnode_modules/@testing-library/react/node_modules/@testing-library/dom/dist/query-helpers.js\u001b[2m:23:10)\u001b[22m\u001b[2m\u001b[22m\n\u001b[2m      \u001b[2mat \u001b[22m\u001b[2mnode_modules/@testing-library/react/node_modules/@testing-library/dom/dist/query-helpers.js\u001b[2m:55:13\u001b[22m\u001b[2m\u001b[22m\n\u001b[2m      \u001b[2mat getByText (\u001b[22m\u001b[2mnode_modules/@testing-library/react/node_modules/@testing-library/dom/dist/query-helpers.js\u001b[2m:95:19)\u001b[22m\u001b[2m\u001b[22m\n\u001b[2m      \u001b[2mat Object.<anonymous> (\u001b[22m\u001b[2m\u001b[0m\u001b[36msrc/components/__tests__/Login.test.js\u001b[39m\u001b[0m\u001b[2m:11:23)\u001b[22m\u001b[2m\u001b[22m\n","name":"/frontend/src/components/__tests__/Login.test.js","startTime":1728118738957,"status":"failed","summary":""},{"assertionResults":[{"ancestorTitles":["ProtectedLayout Component"],"failureMessages":[],"fullName":"ProtectedLayout Component renders Outlet component","location":null,"status":"passed","title":"renders Outlet component"}],"endTime":1728118740422,"message":"","name":"/frontend/src/components/__tests__/ProtectedLayout.test.js","startTime":1728118740054,"status":"passed","summary":""},{"assertionResults":[{"ancestorTitles":["SearchBar Component"],"failureMessages":[],"fullName":"SearchBar Component renders the search input","location":null,"status":"passed","title":"renders the search input"},{"ancestorTitles":["SearchBar Component"],"failureMessages":[],"fullName":"SearchBar Component calls setQuery when input value changes","location":null,"status":"passed","title":"calls setQuery when input value changes"}],"endTime":1728118740501,"message":"","name":"/frontend/src/components/__tests__/SearchBar.test.js","startTime":1728118740060,"status":"passed","summary":""},{"assertionResults":[{"ancestorTitles":["PreferencesForm Component"],"failureMessages":[],"fullName":"PreferencesForm Component renders the form with initial fields","location":null,"status":"passed","title":"renders the form with initial fields"},{"ancestorTitles":["PreferencesForm Component"],"failureMessages":[],"fullName":"PreferencesForm Component calls onSubmit when the form is submitted","location":null,"status":"passed","title":"calls onSubmit when the form is submitted"}],"endTime":1728118740511,"message":"","name":"/frontend/src/components/__tests__/PreferencesForm.test.js","startTime":1728118739603,"status":"passed","summary":""},{"assertionResults":[{"ancestorTitles":["NavBar Component"],"failureMessages":[],"fullName":"NavBar Component renders Simple SIEM logo","location":null,"status":"passed","title":"renders Simple SIEM logo"},{"ancestorTitles":["NavBar Component"],"failureMessages":[],"fullName":"NavBar Component renders login button if no user is logged in","location":null,"status":"passed","title":"renders login button if no user is logged in"}],"endTime":1728118748510,"message":"","name":"/frontend/src/components/__tests__/NavBar.test.js","startTime":1728118739469,"status":"passed","summary":""},{"assertionResults":[{"ancestorTitles":["ReportExporter Component"],"failureMessages":[],"fullName":"ReportExporter Component renders export report button with correct text","location":null,"status":"passed","title":"renders export report button with correct text"},{"ancestorTitles":["ReportExporter Component"],"failureMessages":[],"fullName":"ReportExporter Component calls onExport when export button is clicked","location":null,"status":"passed","title":"calls onExport when export button is clicked"},{"ancestorTitles":["ReportExporter Component"],"failureMessages":[],"fullName":"ReportExporter Component displays 'Exporting...' when isExporting is true","location":null,"status":"passed","title":"displays 'Exporting...' when isExporting is true"},{"ancestorTitles":["ReportExporter Component"],"failureMessages":[],"fullName":"ReportExporter Component disables the button when no report is provided","location":null,"status":"passed","title":"disables the button when no report is provided"}],"endTime":1728118748618,"message":"","name":"/frontend/src/components/__tests__/ReportExporter.test.js","startTime":1728118733778,"status":"passed","summary":""},{"assertionResults":[{"ancestorTitles":["ReportGenerator Component"],"failureMessages":["TestingLibraryElementError: Found a label with the text of: /report type/i, however no form control was found associated to that label. Make sure you're using the \"for\" attribute or \"aria-labelledby\" attribute correctly.\n\nIgnored nodes: comments, script, style\n\u001b[36m<body>\u001b[39m\n  \u001b[36m<div>\u001b[39m\n    \u001b[36m<form>\u001b[39m\n      \u001b[36m<h2\u001b[39m\n        \u001b[33mclass\u001b[39m=\u001b[32m\"MuiTypography-root MuiTypography-h5 MuiTypography-gutterBottom css-1mxauhr-MuiTypography-root\"\u001b[39m\n      \u001b[36m>\u001b[39m\n        \u001b[0mGenerate New Report\u001b[0m\n        \u001b[36m<div\u001b[39m\n          \u001b[33mclass\u001b[39m=\u001b[32m\"MuiBox-root css-0\"\u001b[39m\n        \u001b[36m>\u001b[39m\n          \u001b[36m<button\u001b[39m\n            \u001b[33maria-label\u001b[39m=\u001b[32m\"Refresh form\"\u001b[39m\n            \u001b[33mclass\u001b[39m=\u001b[32m\"MuiButtonBase-root MuiIconButton-root MuiIconButton-sizeMedium css-78trlr-MuiButtonBase-root-MuiIconButton-root\"\u001b[39m\n            \u001b[33mdata-mui-internal-clone-element\u001b[39m=\u001b[32m\"true\"\u001b[39m\n            \u001b[33mtabindex\u001b[39m=\u001b[32m\"0\"\u001b[39m\n            \u001b[33mtype\u001b[39m=\u001b[32m\"button\"\u001b[39m\n          \u001b[36m>\u001b[39m\n            \u001b[36m<svg\u001b[39m\n              \u001b[33maria-hidden\u001b[39m=\u001b[32m\"true\"\u001b[39m\n              \u001b[33mclass\u001b[39m=\u001b[32m\"MuiSvgIcon-root MuiSvgIcon-fontSizeMedium css-i4bv87-MuiSvgIcon-root\"\u001b[39m\n              \u001b[33mdata-testid\u001b[39m=\u001b[32m\"RefreshIcon\"\u001b[39m\n              \u001b[33mfocusable\u001b[39m=\u001b[32m\"false\"\u001b[39m\n              \u001b[33mviewBox\u001b[39m=\u001b[32m\"0 0 24 24\"\u001b[39m\n            \u001b[36m>\u001b[39m\n              \u001b[36m<path\u001b[39m\n                \u001b[33md\u001b[39m=\u001b[32m\"M17.65 6.35C16.2 4.9 14.21 4 12 4c-4.42 0-7.99 3.58-7.99 8s3.57 8 7.99 8c3.73 0 6.84-2.55 7.73-6h-2.08c-.82 2.33-3.04 4-5.65 4-3.31 0-6-2.69-6-6s2.69-6 6-6c1.66 0 3.14.69 4.22 1.78L13 11h7V4z\"\u001b[39m\n              \u001b[36m/>\u001b[39m\n            \u001b[36m</svg>\u001b[39m\n            \u001b[36m<span\u001b[39m\n              \u001b[33mclass\u001b[39m=\u001b[32m\"MuiTouchRipple-root css-8je8zh-MuiTouchRipple-root\"\u001b[39m\n            \u001b[36m/>\u001b[39m\n          \u001b[36m</button>\u001b[39m\n          \u001b[36m<button\u001b[39m\n            \u001b[33maria-label\u001b[39m=\u001b[32m\"Fill in the details step by step to generate a new report\"\u001b[39m\n            \u001b[33mclass\u001b[39m=\u001b[32m\"MuiButtonBase-root MuiIconButton-root MuiIconButton-sizeMedium css-78trlr-MuiButtonBase-root-MuiIconButton-root\"\u001b[39m\n            \u001b[33mdata-mui-internal-clone-element\u001b[39m=\u001b[32m\"true\"\u001b[39m\n            \u001b[33mtabindex\u001b[39m=\u001b[32m\"0\"\u001b[39m\n            \u001b[33mtype\u001b[39m=\u001b[32m\"button\"\u001b[39m\n          \u001b[36m>\u001b[39m\n            \u001b[36m<svg\u001b[39m\n              \u001b[33maria-hidden\u001b[39m=\u001b[32m\"true\"\u001b[39m\n              \u001b[33mclass\u001b[39m=\u001b[32m\"MuiSvgIcon-root MuiSvgIcon-fontSizeMedium css-i4bv87-MuiSvgIcon-root\"\u001b[39m\n              \u001b[33mdata-testid\u001b[39m=\u001b[32m\"HelpIcon\"\u001b[39m\n              \u001b[33mfocusable\u001b[39m=\u001b[32m\"false\"\u001b[39m\n              \u001b[33mviewBox\u001b[39m=\u001b[32m\"0 0 24 24\"\u001b[39m\n            \u001b[36m>\u001b[39m\n              \u001b[36m<path\u001b[39m\n                \u001b[33md\u001b[39m=\u001b[32m\"M12 2C6.48 2 2 6.48 2 12s4.48 10 10 10 10-4.48 10-10S17.52 2 12 2m1 17h-2v-2h2zm2.07-7.75-.9.92C13.45 12.9 13 13.5 13 15h-2v-.5c0-1.1.45-2.1 1.17-2.83l1.24-1.26c.37-.36.59-.86.59-1.41 0-1.1-.9-2-2-2s-2 .9-2 2H8c0-2.21 1.79-4 4-4s4 1.79 4 4c0 .88-.36 1.68-.93 2.25\"\u001b[39m\n              \u001b[36m/>\u001b[39m\n            \u001b[36m</svg>\u001b[39m\n            \u001b[36m<span\u001b[39m\n              \u001b[33mclass\u001b[39m=\u001b[32m\"MuiTouchRipple-root css-8je8zh-MuiTouchRipple-root\"\u001b[39m\n            \u001b[36m/>\u001b[39m\n          \u001b[36m</button>\u001b[39m\n        \u001b[36m</div>\u001b[39m\n      \u001b[36m</h2>\u001b[39m\n      \u001b[36m<div\u001b[39m\n        \u001b[33mclass\u001b[39m=\u001b[32m\"MuiGrid-root MuiGrid-container MuiGrid-spacing-xs-3 css-zow5z4-MuiGrid-root\"\u001b[39m\n      \u001b[36m>\u001b[39m\n        \u001b[36m<div\u001b[39m\n          \u001b[33mclass\u001b[39m=\u001b[32m\"MuiGrid-root MuiGrid-item MuiGrid-grid-xs-12 css-1idn90j-MuiGrid-root\"\u001b[39m\n        \u001b[36m>\u001b[39m\n          \u001b[36m<div\u001b[39m\n            \u001b[33mclass\u001b[39m=\u001b[32m\"MuiFormControl-root MuiFormControl-fullWidth MuiTextField-root css-wb57ya-MuiFormControl-root-MuiTextField-root\"\u001b[39m\n          \u001b[36m>\u001b[39m\n            \u001b[36m<label\u001b[39m\n              \u001b[33mclass\u001b[39m=\u001b[32m\"MuiFormLabel-root MuiInputLabel-root MuiInputLabel-formControl MuiInputLabel-animated MuiInputLabel-shrink MuiInputLabel-sizeMedium MuiInputLabel-outlined MuiFormLabel-colorPrimary MuiFormLabel-filled Mui-required MuiInputLabel-root MuiInputLabel-formControl MuiInputLabel-animated MuiInputLabel-shrink MuiInputLabel-sizeMedium MuiInputLabel-outlined css-1jy569b-MuiFormLabel-root-MuiInputLabel-root\"\u001b[39m\n              \u001b[33mdata-shrink\u001b[39m=\u001b[32m\"true\"\u001b[39m\n              \u001b[33mfor\u001b[39m=\u001b[32m\":r2:\"\u001b[39m\n              \u001b[33mid\u001b[39m=\u001b[32m\":r2:-label\"\u001b[39m\n            \u001b[36m>\u001b[39m\n              \u001b[0mReport Title\u001b[0m\n              \u001b[36m<span\u001b[39m\n                \u001b[33maria-hidden\u001b[39m=\u001b[32m\"true\"\u001b[39m\n                \u001b[33mclass\u001b[39m=\u001b[32m\"MuiFormLabel-asterisk MuiInputLabel-asterisk css-wgai2y-MuiFormLabel-asterisk\"\u001b[39m\n              \u001b[36m>\u001b[39m\n                \u001b[0m \u001b[0m\n                \u001b[0m*\u001b[0m\n              \u001b[36m</span>\u001b[39m\n            \u001b[36m</label>\u001b[39m\n            \u001b[36m<div\u001b[39m\n              \u001b[33mclass\u001b[39m=\u001b[32m\"MuiInputBase-root MuiOutlinedInput-root MuiInputBase-colorPrimary MuiInputBase-fullWidth MuiInputBase-formControl css-md26zr-MuiInputBase-root-MuiOutlinedInput-root\"\u001b[39m\n            \u001b[36m>\u001b[39m\n              \u001b[36m<input\u001b[39m\n                \u001b[33maria-describedby\u001b[39m=\u001b[32m\":r2:-helper-text\"\u001b[39m\n                \u001b[33maria-invalid\u001b[39m=\u001b[32m\"false\"\u001b[39m\n                \u001b[33mclass\u001b[39m=\u001b[32m\"MuiInputBase-input MuiOutlinedInput-input css-1t8l2tu-MuiInputBase-input-MuiOutlinedInput-input\"\u001b[39m\n                \u001b[33mid\u001b[39m=\u001b[32m\":r2:\"\u001b[39m\n                \u001b[33mname\u001b[39m=\u001b[32m\"title\"\u001b[39m\n                \u001b[33mrequired\u001b[39m=\u001b[32m\"\"\u001b[39m\n                \u001b[33mtype\u001b[39m=\u001b[32m\"text\"\u001b[39m\n                \u001b[33mvalue\u001b[39m=\u001b[32m\"Test Report Title\"\u001b[39m\n              \u001b[36m/>\u001b[39m\n              \u001b[36m<fieldset\u001b[39m\n                \u001b[33maria-hidden\u001b[39m=\u001b[32m\"true\"\u001b[39m\n                \u001b[33mclass\u001b[39m=\u001b[32m\"MuiOutlinedInput-notchedOutline css-1d3z3hw-MuiOutlinedInput-notchedOutline\"\u001b[39m\n              \u001b[36m>\u001b[39m\n                \u001b[36m<legend\u001b[39m\n                  \u001b[33mclass\u001b[39m=\u001b[32m\"css-14lo706\"\u001b[39m\n                \u001b[36m>\u001b[39m\n                  \u001b[36m<span>\u001b[39m\n                    \u001b[0mReport Title\u001b[0m\n                    \u001b[0m \u001b[0m\n                    \u001b[0m*\u001b[0m\n                  \u001b[36m</span>\u001b[39m\n                \u001b[36m</legend>\u001b[39m\n              \u001b[36m</fieldset>\u001b[39m\n            \u001b[36m</div>\u001b[39m\n            \u001b[36m<p\u001b[39m\n              \u001b[33mclass\u001b[39m=\u001b[32m\"MuiFormHelperText-root MuiFormHelperText-sizeMedium MuiFormHelperText-contained MuiFormHelperText-filled Mui-required css-1wc848c-MuiFormHelperText-root\"\u001b[39m\n              \u001b[33mid\u001b[39m=\u001b[32m\":r2:-helper-text\"\u001b[39m\n            \u001b[36m>\u001b[39m\n              \u001b[0mEnter a concise and descriptive title for your report\u001b[0m\n            \u001b[36m</p>\u001b[39m\n          \u001b[36m</div>\u001b[39m\n        \u001b[36m</div>\u001b[39m\n        \u001b[36m<div\u001b[39m\n          \u001b[33mclass\u001b[39m=\u001b[32m\"MuiGrid-root MuiGrid-item MuiGrid-grid-xs-12 css-1idn90j-MuiGrid-root\"\u001b[39m\n        \u001b[36m>\u001b[39m\n          \u001b[36m<div\u001b[39m\n            \u001b[33mclass\u001b[39m=\u001b[32m\"MuiFormControl-root MuiFormControl-fullWidth css-q8hpuo-MuiFormControl-root\"\u001b[39m\n          \u001b[36m>\u001b[39m\n            \u001b[36m<label\u001b[39m\n              \u001b[33mclass\u001b[39m=\u001b[32m\"MuiFormLabel-root MuiInputLabel-root MuiInputLabel-formCont...\n    at Object.getElementError (/frontend/node_modules/@testing-library/react/node_modules/@testing-library/dom/dist/config.js:37:19)\n    at getAllByLabelText (/frontend/node_modules/@testing-library/react/node_modules/@testing-library/dom/dist/queries/label-text.js:100:40)\n    at /frontend/node_modules/@testing-library/react/node_modules/@testing-library/dom/dist/query-helpers.js:52:17\n    at getByLabelText (/frontend/node_modules/@testing-library/react/node_modules/@testing-library/dom/dist/query-helpers.js:95:19)\n    at Object.<anonymous> (/frontend/src/components/__tests__/ReportGenerator.test.js:17:36)\n    at Promise.then.completed (/frontend/node_modules/jest-circus/build/utils.js:391:28)\n    at new Promise (<anonymous>)\n    at callAsyncCircusFn (/frontend/node_modules/jest-circus/build/utils.js:316:10)\n    at _callCircusTest (/frontend/node_modules/jest-circus/build/run.js:218:40)\n    at processTicksAndRejections (node:internal/process/task_queues:95:5)\n    at _runTest (/frontend/node_modules/jest-circus/build/run.js:155:3)\n    at _runTestsForDescribeBlock (/frontend/node_modules/jest-circus/build/run.js:66:9)\n    at _runTestsForDescribeBlock (/frontend/node_modules/jest-circus/build/run.js:60:9)\n    at run (/frontend/node_modules/jest-circus/build/run.js:25:3)\n    at runAndTransformResultsToJestFormat (/frontend/node_modules/jest-circus/build/legacy-code-todo-rewrite/jestAdapterInit.js:170:21)\n    at jestAdapter (/frontend/node_modules/jest-circus/build/legacy-code-todo-rewrite/jestAdapter.js:82:19)\n    at runTestInternal (/frontend/node_modules/jest-runner/build/runTest.js:389:16)\n    at runTest (/frontend/node_modules/jest-runner/build/runTest.js:475:34)\n    at Object.worker (/frontend/node_modules/jest-runner/build/testWorker.js:133:12)"],"fullName":"ReportGenerator Component calls onGenerate when generate button is clicked","location":null,"status":"failed","title":"calls onGenerate when generate button is clicked"}],"endTime":1728118748955,"message":"\u001b[1m\u001b[31m  \u001b[1m● \u001b[22m\u001b[1mReportGenerator Component › calls onGenerate when generate button is clicked\u001b[39m\u001b[22m\n\n    TestingLibraryElementError: Found a label with the text of: /report type/i, however no form control was found associated to that label. Make sure you're using the \"for\" attribute or \"aria-labelledby\" attribute correctly.\n\n    Ignored nodes: comments, script, style\n    \u001b[36m<body>\u001b[39m\n      \u001b[36m<div>\u001b[39m\n        \u001b[36m<form>\u001b[39m\n          \u001b[36m<h2\u001b[39m\n            \u001b[33mclass\u001b[39m=\u001b[32m\"MuiTypography-root MuiTypography-h5 MuiTypography-gutterBottom css-1mxauhr-MuiTypography-root\"\u001b[39m\n          \u001b[36m>\u001b[39m\n            \u001b[0mGenerate New Report\u001b[0m\n            \u001b[36m<div\u001b[39m\n              \u001b[33mclass\u001b[39m=\u001b[32m\"MuiBox-root css-0\"\u001b[39m\n            \u001b[36m>\u001b[39m\n              \u001b[36m<button\u001b[39m\n                \u001b[33maria-label\u001b[39m=\u001b[32m\"Refresh form\"\u001b[39m\n                \u001b[33mclass\u001b[39m=\u001b[32m\"MuiButtonBase-root MuiIconButton-root MuiIconButton-sizeMedium css-78trlr-MuiButtonBase-root-MuiIconButton-root\"\u001b[39m\n                \u001b[33mdata-mui-internal-clone-element\u001b[39m=\u001b[32m\"true\"\u001b[39m\n                \u001b[33mtabindex\u001b[39m=\u001b[32m\"0\"\u001b[39m\n                \u001b[33mtype\u001b[39m=\u001b[32m\"button\"\u001b[39m\n              \u001b[36m>\u001b[39m\n                \u001b[36m<svg\u001b[39m\n                  \u001b[33maria-hidden\u001b[39m=\u001b[32m\"true\"\u001b[39m\n                  \u001b[33mclass\u001b[39m=\u001b[32m\"MuiSvgIcon-root MuiSvgIcon-fontSizeMedium css-i4bv87-MuiSvgIcon-root\"\u001b[39m\n                  \u001b[33mdata-testid\u001b[39m=\u001b[32m\"RefreshIcon\"\u001b[39m\n                  \u001b[33mfocusable\u001b[39m=\u001b[32m\"false\"\u001b[39m\n                  \u001b[33mviewBox\u001b[39m=\u001b[32m\"0 0 24 24\"\u001b[39m\n                \u001b[36m>\u001b[39m\n                  \u001b[36m<path\u001b[39m\n                    \u001b[33md\u001b[39m=\u001b[32m\"M17.65 6.35C16.2 4.9 14.21 4 12 4c-4.42 0-7.99 3.58-7.99 8s3.57 8 7.99 8c3.73 0 6.84-2.55 7.73-6h-2.08c-.82 2.33-3.04 4-5.65 4-3.31 0-6-2.69-6-6s2.69-6 6-6c1.66 0 3.14.69 4.22 1.78L13 11h7V4z\"\u001b[39m\n                  \u001b[36m/>\u001b[39m\n                \u001b[36m</svg>\u001b[39m\n                \u001b[36m<span\u001b[39m\n                  \u001b[33mclass\u001b[39m=\u001b[32m\"MuiTouchRipple-root css-8je8zh-MuiTouchRipple-root\"\u001b[39m\n                \u001b[36m/>\u001b[39m\n              \u001b[36m</button>\u001b[39m\n              \u001b[36m<button\u001b[39m\n                \u001b[33maria-label\u001b[39m=\u001b[32m\"Fill in the details step by step to generate a new report\"\u001b[39m\n                \u001b[33mclass\u001b[39m=\u001b[32m\"MuiButtonBase-root MuiIconButton-root MuiIconButton-sizeMedium css-78trlr-MuiButtonBase-root-MuiIconButton-root\"\u001b[39m\n                \u001b[33mdata-mui-internal-clone-element\u001b[39m=\u001b[32m\"true\"\u001b[39m\n                \u001b[33mtabindex\u001b[39m=\u001b[32m\"0\"\u001b[39m\n                \u001b[33mtype\u001b[39m=\u001b[32m\"button\"\u001b[39m\n              \u001b[36m>\u001b[39m\n                \u001b[36m<svg\u001b[39m\n                  \u001b[33maria-hidden\u001b[39m=\u001b[32m\"true\"\u001b[39m\n                  \u001b[33mclass\u001b[39m=\u001b[32m\"MuiSvgIcon-root MuiSvgIcon-fontSizeMedium css-i4bv87-MuiSvgIcon-root\"\u001b[39m\n                  \u001b[33mdata-testid\u001b[39m=\u001b[32m\"HelpIcon\"\u001b[39m\n                  \u001b[33mfocusable\u001b[39m=\u001b[32m\"false\"\u001b[39m\n                  \u001b[33mviewBox\u001b[39m=\u001b[32m\"0 0 24 24\"\u001b[39m\n                \u001b[36m>\u001b[39m\n                  \u001b[36m<path\u001b[39m\n                    \u001b[33md\u001b[39m=\u001b[32m\"M12 2C6.48 2 2 6.48 2 12s4.48 10 10 10 10-4.48 10-10S17.52 2 12 2m1 17h-2v-2h2zm2.07-7.75-.9.92C13.45 12.9 13 13.5 13 15h-2v-.5c0-1.1.45-2.1 1.17-2.83l1.24-1.26c.37-.36.59-.86.59-1.41 0-1.1-.9-2-2-2s-2 .9-2 2H8c0-2.21 1.79-4 4-4s4 1.79 4 4c0 .88-.36 1.68-.93 2.25\"\u001b[39m\n                  \u001b[36m/>\u001b[39m\n                \u001b[36m</svg>\u001b[39m\n                \u001b[36m<span\u001b[39m\n                  \u001b[33mclass\u001b[39m=\u001b[32m\"MuiTouchRipple-root css-8je8zh-MuiTouchRipple-root\"\u001b[39m\n                \u001b[36m/>\u001b[39m\n              \u001b[36m</button>\u001b[39m\n            \u001b[36m</div>\u001b[39m\n          \u001b[36m</h2>\u001b[39m\n          \u001b[36m<div\u001b[39m\n            \u001b[33mclass\u001b[39m=\u001b[32m\"MuiGrid-root MuiGrid-container MuiGrid-spacing-xs-3 css-zow5z4-MuiGrid-root\"\u001b[39m\n          \u001b[36m>\u001b[39m\n            \u001b[36m<div\u001b[39m\n              \u001b[33mclass\u001b[39m=\u001b[32m\"MuiGrid-root MuiGrid-item MuiGrid-grid-xs-12 css-1idn90j-MuiGrid-root\"\u001b[39m\n            \u001b[36m>\u001b[39m\n              \u001b[36m<div\u001b[39m\n                \u001b[33mclass\u001b[39m=\u001b[32m\"MuiFormControl-root MuiFormControl-fullWidth MuiTextField-root css-wb57ya-MuiFormControl-root-MuiTextField-root\"\u001b[39m\n              \u001b[36m>\u001b[39m\n                \u001b[36m<label\u001b[39m\n                  \u001b[33mclass\u001b[39m=\u001b[32m\"MuiFormLabel-root MuiInputLabel-root MuiInputLabel-formControl MuiInputLabel-animated MuiInputLabel-shrink MuiInputLabel-sizeMedium MuiInputLabel-outlined MuiFormLabel-colorPrimary MuiFormLabel-filled Mui-required MuiInputLabel-root MuiInputLabel-formControl MuiInputLabel-animated MuiInputLabel-shrink MuiInputLabel-sizeMedium MuiInputLabel-outlined css-1jy569b-MuiFormLabel-root-MuiInputLabel-root\"\u001b[39m\n                  \u001b[33mdata-shrink\u001b[39m=\u001b[32m\"true\"\u001b[39m\n                  \u001b[33mfor\u001b[39m=\u001b[32m\":r2:\"\u001b[39m\n                  \u001b[33mid\u001b[39m=\u001b[32m\":r2:-label\"\u001b[39m\n                \u001b[36m>\u001b[39m\n                  \u001b[0mReport Title\u001b[0m\n                  \u001b[36m<span\u001b[39m\n                    \u001b[33maria-hidden\u001b[39m=\u001b[32m\"true\"\u001b[39m\n                    \u001b[33mclass\u001b[39m=\u001b[32m\"MuiFormLabel-asterisk MuiInputLabel-asterisk css-wgai2y-MuiFormLabel-asterisk\"\u001b[39m\n                  \u001b[36m>\u001b[39m\n                    \u001b[0m \u001b[0m\n                    \u001b[0m*\u001b[0m\n                  \u001b[36m</span>\u001b[39m\n                \u001b[36m</label>\u001b[39m\n                \u001b[36m<div\u001b[39m\n                  \u001b[33mclass\u001b[39m=\u001b[32m\"MuiInputBase-root MuiOutlinedInput-root MuiInputBase-colorPrimary MuiInputBase-fullWidth MuiInputBase-formControl css-md26zr-MuiInputBase-root-MuiOutlinedInput-root\"\u001b[39m\n                \u001b[36m>\u001b[39m\n                  \u001b[36m<input\u001b[39m\n                    \u001b[33maria-describedby\u001b[39m=\u001b[32m\":r2:-helper-text\"\u001b[39m\n                    \u001b[33maria-invalid\u001b[39m=\u001b[32m\"false\"\u001b[39m\n                    \u001b[33mclass\u001b[39m=\u001b[32m\"MuiInputBase-input MuiOutlinedInput-input css-1t8l2tu-MuiInputBase-input-MuiOutlinedInput-input\"\u001b[39m\n                    \u001b[33mid\u001b[39m=\u001b[32m\":r2:\"\u001b[39m\n                    \u001b[33mname\u001b[39m=\u001b[32m\"title\"\u001b[39m\n                    \u001b[33mrequired\u001b[39m=\u001b[32m\"\"\u001b[39m\n                    \u001b[33mtype\u001b[39m=\u001b[32m\"text\"\u001b[39m\n                    \u001b[33mvalue\u001b[39m=\u001b[32m\"Test Report Title\"\u001b[39m\n                  \u001b[36m/>\u001b[39m\n                  \u001b[36m<fieldset\u001b[39m\n                    \u001b[33maria-hidden\u001b[39m=\u001b[32m\"true\"\u001b[39m\n                    \u001b[33mclass\u001b[39m=\u001b[32m\"MuiOutlinedInput-notchedOutline css-1d3z3hw-MuiOutlinedInput-notchedOutline\"\u001b[39m\n                  \u001b[36m>\u001b[39m\n                    \u001b[36m<legend\u001b[39m\n                      \u001b[33mclass\u001b[39m=\u001b[32m\"css-14lo706\"\u001b[39m\n                    \u001b[36m>\u001b[39m\n                      \u001b[36m<span>\u001b[39m\n                        \u001b[0mReport Title\u001b[0m\n                        \u001b[0m \u001b[0m\n                        \u001b[0m*\u001b[0m\n                      \u001b[36m</span>\u001b[39m\n                    \u001b[36m</legend>\u001b[39m\n                  \u001b[36m</fieldset>\u001b[39m\n                \u001b[36m</div>\u001b[39m\n                \u001b[36m<p\u001b[39m\n                  \u001b[33mclass\u001b[39m=\u001b[32m\"MuiFormHelperText-root MuiFormHelperText-sizeMedium MuiFormHelperText-contained MuiFormHelperText-filled Mui-required css-1wc848c-MuiFormHelperText-root\"\u001b[39m\n                  \u001b[33mid\u001b[39m=\u001b[32m\":r2:-helper-text\"\u001b[39m\n                \u001b[36m>\u001b[39m\n                  \u001b[0mEnter a concise and descriptive title for your report\u001b[0m\n                \u001b[36m</p>\u001b[39m\n              \u001b[36m</div>\u001b[39m\n            \u001b[36m</div>\u001b[39m\n            \u001b[36m<div\u001b[39m\n              \u001b[33mclass\u001b[39m=\u001b[32m\"MuiGrid-root MuiGrid-item MuiGrid-grid-xs-12 css-1idn90j-MuiGrid-root\"\u001b[39m\n            \u001b[36m>\u001b[39m\n              \u001b[36m<div\u001b[39m\n                \u001b[33mclass\u001b[39m=\u001b[32m\"MuiFormControl-root MuiFormControl-fullWidth css-q8hpuo-MuiFormControl-root\"\u001b[39m\n              \u001b[36m>\u001b[39m\n                \u001b[36m<label\u001b[39m\n                  \u001b[33mclass\u001b[39m=\u001b[32m\"MuiFormLabel-root MuiInputLabel-root MuiInputLabel-formCont...\n\u001b[2m\u001b[22m\n\u001b[2m    \u001b[0m \u001b[90m 15 |\u001b[39m             target\u001b[33m:\u001b[39m { value\u001b[33m:\u001b[39m \u001b[32m'Test Report Title'\u001b[39m }\u001b[33m,\u001b[39m\u001b[22m\n\u001b[2m     \u001b[90m 16 |\u001b[39m         })\u001b[33m;\u001b[39m\u001b[22m\n\u001b[2m    \u001b[31m\u001b[1m>\u001b[22m\u001b[2m\u001b[39m\u001b[90m 17 |\u001b[39m         fireEvent\u001b[33m.\u001b[39mmouseDown(screen\u001b[33m.\u001b[39mgetByLabelText(\u001b[35m/report type/i\u001b[39m))\u001b[33m;\u001b[39m \u001b[90m// Open select dropdown\u001b[39m\u001b[22m\n\u001b[2m     \u001b[90m    |\u001b[39m                                    \u001b[31m\u001b[1m^\u001b[22m\u001b[2m\u001b[39m\u001b[22m\n\u001b[2m     \u001b[90m 18 |\u001b[39m         fireEvent\u001b[33m.\u001b[39mclick(screen\u001b[33m.\u001b[39mgetByText(\u001b[35m/security incident/i\u001b[39m))\u001b[33m;\u001b[39m \u001b[90m// Select an option\u001b[39m\u001b[22m\n\u001b[2m     \u001b[90m 19 |\u001b[39m\u001b[22m\n\u001b[2m     \u001b[90m 20 |\u001b[39m         \u001b[90m// Simulate selecting a rule (autocomplete mocking)\u001b[39m\u001b[0m\u001b[22m\n\u001b[2m\u001b[22m\n\u001b[2m      \u001b[2mat Object.getElementError (\u001b[22m\u001b[2mnode_modules/@testing-library/react/node_modules/@testing-library/dom/dist/config.js\u001b[2m:37:19)\u001b[22m\u001b[2m\u001b[22m\n\u001b[2m      \u001b[2mat getAllByLabelText (\u001b[22m\u001b[2mnode_modules/@testing-library/react/node_modules/@testing-library/dom/dist/queries/label-text.js\u001b[2m:100:40)\u001b[22m\u001b[2m\u001b[22m\n\u001b[2m      \u001b[2mat \u001b[22m\u001b[2mnode_modules/@testing-library/react/node_modules/@testing-library/dom/dist/query-helpers.js\u001b[2m:52:17\u001b[22m\u001b[2m\u001b[22m\n\u001b[2m      \u001b[2mat getByLabelText (\u001b[22m\u001b[2mnode_modules/@testing-library/react/node_modules/@testing-library/dom/dist/query-helpers.js\u001b[2m:95:19)\u001b[22m\u001b[2m\u001b[22m\n\u001b[2m      \u001b[2mat Object.<anonymous> (\u001b[22m\u001b[2m\u001b[0m\u001b[36msrc/components/__tests__/ReportGenerator.test.js\u001b[39m\u001b[0m\u001b[2m:17:36)\u001b[22m\u001b[2m\u001b[22m\n","name":"/frontend/src/components/__tests__/ReportGenerator.test.js","startTime":1728118733777,"status":"failed","summary":""},{"assertionResults":[{"ancestorTitles":["ReportViewer Component"],"failureMessages":[],"fullName":"ReportViewer Component renders report details","location":null,"status":"passed","title":"renders report details"},{"ancestorTitles":["ReportViewer Component"],"failureMessages":[],"fullName":"ReportViewer Component enables edit mode when edit button is clicked","location":null,"status":"passed","title":"enables edit mode when edit button is clicked"},{"ancestorTitles":["ReportViewer Component"],"failureMessages":[],"fullName":"ReportViewer Component calls onUpdate when save button is clicked","location":null,"status":"passed","title":"calls onUpdate when save button is clicked"}],"endTime":1728118749205,"message":"","name":"/frontend/src/components/__tests__/ReportViewer.test.js","startTime":1728118733778,"status":"passed","summary":""},{"assertionResults":[{"ancestorTitles":["ReportList Component"],"failureMessages":[],"fullName":"ReportList Component renders report list with available reports","location":null,"status":"passed","title":"renders report list with available reports"},{"ancestorTitles":["ReportList Component"],"failureMessages":["TestingLibraryElementError: Unable to find an element with the text: /Test Report/i. This could be because the text is broken up by multiple elements. In this case, you can provide a function for your text matcher to make your matcher more flexible.\n\nIgnored nodes: comments, script, style\n\u001b[36m<body>\u001b[39m\n  \u001b[36m<div>\u001b[39m\n    \u001b[36m<div\u001b[39m\n      \u001b[33mclass\u001b[39m=\u001b[32m\"MuiPaper-root MuiPaper-elevation MuiPaper-rounded MuiPaper-elevation3 css-ruejad-MuiPaper-root\"\u001b[39m\n    \u001b[36m>\u001b[39m\n      \u001b[36m<div\u001b[39m\n        \u001b[33mclass\u001b[39m=\u001b[32m\"MuiBox-root css-v08z5u\"\u001b[39m\n      \u001b[36m>\u001b[39m\n        \u001b[36m<h2\u001b[39m\n          \u001b[33mclass\u001b[39m=\u001b[32m\"MuiTypography-root MuiTypography-h5 css-1uo87qf-MuiTypography-root\"\u001b[39m\n        \u001b[36m>\u001b[39m\n          \u001b[0mAvailable Reports\u001b[0m\n        \u001b[36m</h2>\u001b[39m\n        \u001b[36m<div\u001b[39m\n          \u001b[33mclass\u001b[39m=\u001b[32m\"MuiBox-root css-0\"\u001b[39m\n        \u001b[36m>\u001b[39m\n          \u001b[36m<button\u001b[39m\n            \u001b[33mclass\u001b[39m=\u001b[32m\"MuiButtonBase-root MuiButton-root MuiButton-text MuiButton-textPrimary MuiButton-sizeMedium MuiButton-textSizeMedium MuiButton-colorPrimary MuiButton-root MuiButton-text MuiButton-textPrimary MuiButton-sizeMedium MuiButton-textSizeMedium MuiButton-colorPrimary css-za8x2c-MuiButtonBase-root-MuiButton-root\"\u001b[39m\n            \u001b[33mtabindex\u001b[39m=\u001b[32m\"0\"\u001b[39m\n            \u001b[33mtype\u001b[39m=\u001b[32m\"button\"\u001b[39m\n          \u001b[36m>\u001b[39m\n            \u001b[36m<span\u001b[39m\n              \u001b[33mclass\u001b[39m=\u001b[32m\"MuiButton-icon MuiButton-startIcon MuiButton-iconSizeMedium css-1d6wzja-MuiButton-startIcon\"\u001b[39m\n            \u001b[36m>\u001b[39m\n              \u001b[36m<svg\u001b[39m\n                \u001b[33maria-hidden\u001b[39m=\u001b[32m\"true\"\u001b[39m\n                \u001b[33mclass\u001b[39m=\u001b[32m\"MuiSvgIcon-root MuiSvgIcon-fontSizeMedium css-i4bv87-MuiSvgIcon-root\"\u001b[39m\n                \u001b[33mdata-testid\u001b[39m=\u001b[32m\"ExpandMoreIcon\"\u001b[39m\n                \u001b[33mfocusable\u001b[39m=\u001b[32m\"false\"\u001b[39m\n                \u001b[33mviewBox\u001b[39m=\u001b[32m\"0 0 24 24\"\u001b[39m\n              \u001b[36m>\u001b[39m\n                \u001b[36m<path\u001b[39m\n                  \u001b[33md\u001b[39m=\u001b[32m\"M16.59 8.59 12 13.17 7.41 8.59 6 10l6 6 6-6z\"\u001b[39m\n                \u001b[36m/>\u001b[39m\n              \u001b[36m</svg>\u001b[39m\n            \u001b[36m</span>\u001b[39m\n            \u001b[0mShow Filters\u001b[0m\n            \u001b[36m<span\u001b[39m\n              \u001b[33mclass\u001b[39m=\u001b[32m\"MuiTouchRipple-root css-8je8zh-MuiTouchRipple-root\"\u001b[39m\n            \u001b[36m/>\u001b[39m\n          \u001b[36m</button>\u001b[39m\n          \u001b[36m<button\u001b[39m\n            \u001b[33maria-label\u001b[39m=\u001b[32m\"Refresh\"\u001b[39m\n            \u001b[33mclass\u001b[39m=\u001b[32m\"MuiButtonBase-root MuiIconButton-root MuiIconButton-colorPrimary MuiIconButton-sizeMedium css-1kuq5xv-MuiButtonBase-root-MuiIconButton-root\"\u001b[39m\n            \u001b[33mdata-mui-internal-clone-element\u001b[39m=\u001b[32m\"true\"\u001b[39m\n            \u001b[33mtabindex\u001b[39m=\u001b[32m\"0\"\u001b[39m\n            \u001b[33mtype\u001b[39m=\u001b[32m\"button\"\u001b[39m\n          \u001b[36m>\u001b[39m\n            \u001b[36m<svg\u001b[39m\n              \u001b[33maria-hidden\u001b[39m=\u001b[32m\"true\"\u001b[39m\n              \u001b[33mclass\u001b[39m=\u001b[32m\"MuiSvgIcon-root MuiSvgIcon-fontSizeMedium css-i4bv87-MuiSvgIcon-root\"\u001b[39m\n              \u001b[33mdata-testid\u001b[39m=\u001b[32m\"RefreshIcon\"\u001b[39m\n              \u001b[33mfocusable\u001b[39m=\u001b[32m\"false\"\u001b[39m\n              \u001b[33mviewBox\u001b[39m=\u001b[32m\"0 0 24 24\"\u001b[39m\n            \u001b[36m>\u001b[39m\n              \u001b[36m<path\u001b[39m\n                \u001b[33md\u001b[39m=\u001b[32m\"M17.65 6.35C16.2 4.9 14.21 4 12 4c-4.42 0-7.99 3.58-7.99 8s3.57 8 7.99 8c3.73 0 6.84-2.55 7.73-6h-2.08c-.82 2.33-3.04 4-5.65 4-3.31 0-6-2.69-6-6s2.69-6 6-6c1.66 0 3.14.69 4.22 1.78L13 11h7V4z\"\u001b[39m\n              \u001b[36m/>\u001b[39m\n            \u001b[36m</svg>\u001b[39m\n            \u001b[36m<span\u001b[39m\n              \u001b[33mclass\u001b[39m=\u001b[32m\"MuiTouchRipple-root css-8je8zh-MuiTouchRipple-root\"\u001b[39m\n            \u001b[36m/>\u001b[39m\n          \u001b[36m</button>\u001b[39m\n        \u001b[36m</div>\u001b[39m\n      \u001b[36m</div>\u001b[39m\n      \u001b[36m<div\u001b[39m\n        \u001b[33mclass\u001b[39m=\u001b[32m\"MuiCollapse-root MuiCollapse-vertical MuiCollapse-hidden css-bz4dnt-MuiCollapse-root\"\u001b[39m\n        \u001b[33mstyle\u001b[39m=\u001b[32m\"min-height: 0px;\"\u001b[39m\n      \u001b[36m>\u001b[39m\n        \u001b[36m<div\u001b[39m\n          \u001b[33mclass\u001b[39m=\u001b[32m\"MuiCollapse-wrapper MuiCollapse-vertical css-smkl36-MuiCollapse-wrapper\"\u001b[39m\n        \u001b[36m>\u001b[39m\n          \u001b[36m<div\u001b[39m\n            \u001b[33mclass\u001b[39m=\u001b[32m\"MuiCollapse-wrapperInner MuiCollapse-vertical css-9l5vo-MuiCollapse-wrapperInner\"\u001b[39m\n          \u001b[36m>\u001b[39m\n            \u001b[36m<div\u001b[39m\n              \u001b[33mclass\u001b[39m=\u001b[32m\"MuiGrid-root MuiGrid-container MuiGrid-spacing-xs-2 css-12rc5ck-MuiGrid-root\"\u001b[39m\n            \u001b[36m>\u001b[39m\n              \u001b[36m<div\u001b[39m\n                \u001b[33mclass\u001b[39m=\u001b[32m\"MuiGrid-root MuiGrid-item MuiGrid-grid-xs-12 MuiGrid-grid-sm-6 MuiGrid-grid-md-3 css-10voxkt-MuiGrid-root\"\u001b[39m\n              \u001b[36m>\u001b[39m\n                \u001b[36m<div\u001b[39m\n                  \u001b[33mclass\u001b[39m=\u001b[32m\"MuiFormControl-root MuiFormControl-fullWidth MuiTextField-root css-wb57ya-MuiFormControl-root-MuiTextField-root\"\u001b[39m\n                \u001b[36m>\u001b[39m\n                  \u001b[36m<label\u001b[39m\n                    \u001b[33mclass\u001b[39m=\u001b[32m\"MuiFormLabel-root MuiInputLabel-root MuiInputLabel-formControl MuiInputLabel-animated MuiInputLabel-shrink MuiInputLabel-sizeMedium MuiInputLabel-outlined MuiFormLabel-colorPrimary MuiInputLabel-root MuiInputLabel-formControl MuiInputLabel-animated MuiInputLabel-shrink MuiInputLabel-sizeMedium MuiInputLabel-outlined css-1jy569b-MuiFormLabel-root-MuiInputLabel-root\"\u001b[39m\n                    \u001b[33mdata-shrink\u001b[39m=\u001b[32m\"true\"\u001b[39m\n                    \u001b[33mfor\u001b[39m=\u001b[32m\":r6:\"\u001b[39m\n                    \u001b[33mid\u001b[39m=\u001b[32m\":r6:-label\"\u001b[39m\n                  \u001b[36m>\u001b[39m\n                    \u001b[0mSearch Reports\u001b[0m\n                  \u001b[36m</label>\u001b[39m\n                  \u001b[36m<div\u001b[39m\n                    \u001b[33mclass\u001b[39m=\u001b[32m\"MuiInputBase-root MuiOutlinedInput-root MuiInputBase-colorPrimary MuiInputBase-fullWidth MuiInputBase-formControl MuiInputBase-adornedStart css-8j6b76-MuiInputBase-root-MuiOutlinedInput-root\"\u001b[39m\n                  \u001b[36m>\u001b[39m\n                    \u001b[36m<div\u001b[39m\n                      \u001b[33mclass\u001b[39m=\u001b[32m\"MuiInputAdornment-root MuiInputAdornment-positionStart MuiInputAdornment-outlined MuiInputAdornment-sizeMedium css-ittuaa-MuiInputAdornment-root\"\u001b[39m\n                    \u001b[36m>\u001b[39m\n                      \u001b[36m<span\u001b[39m\n                        \u001b[33mclass\u001b[39m=\u001b[32m\"notranslate\"\u001b[39m\n                      \u001b[36m>\u001b[39m\n                        \u001b[0m​\u001b[0m\n                      \u001b[36m</span>\u001b[39m\n                      \u001b[36m<svg\u001b[39m\n                        \u001b[33maria-hidden\u001b[39m=\u001b[32m\"true\"\u001b[39m\n                        \u001b[33mclass\u001b[39m=\u001b[32m\"MuiSvgIcon-root MuiSvgIcon-fontSizeMedium css-i4bv87-MuiSvgIcon-root\"\u001b[39m\n                        \u001b[33mdata-testid\u001b[39m=\u001b[32m\"SearchIcon\"\u001b[39m\n                        \u001b[33mfocusable\u001b[39m=\u001b[32m\"false\"\u001b[39m\n                        \u001b[33mviewBox\u001b[39m=\u001b[32m\"0 0 24 24\"\u001b[39m\n                      \u001b[36m>\u001b[39m\n                        \u001b[36m<path\u001b[39m\n                          \u001b[33md\u001b[39m=\u001b[32m\"M15.5 14h-.79l-.28-.27C15.41 12.59 16 11.11 16 9.5 16 5.91 13.09 3 9.5 3S3 5.91 3 9.5 5.91 16 9.5 16c1.61 0 3.09-.59 4.23-1.57l.27.28v.79l5 4.99L20.49 19zm-6 0C7.01 14 5 11.99 5 9.5S7.01 5 9.5 5 14 7.01 14 9.5 11.99 14 9.5 14\"\u001b[39m\n                        \u001b[36m/>\u001b[39m\n                      \u001b[36m</svg>\u001b[39m\n                    \u001b[36m</div>\u001b[39m\n                    \u001b[36m<input\u001b[39...\n    at Object.getElementError (/frontend/node_modules/@testing-library/react/node_modules/@testing-library/dom/dist/config.js:37:19)\n    at /frontend/node_modules/@testing-library/react/node_modules/@testing-library/dom/dist/query-helpers.js:76:38\n    at /frontend/node_modules/@testing-library/react/node_modules/@testing-library/dom/dist/query-helpers.js:52:17\n    at getByText (/frontend/node_modules/@testing-library/react/node_modules/@testing-library/dom/dist/query-helpers.js:95:19)\n    at Object.<anonymous> (/frontend/src/components/__tests__/ReportList.test.js:32:31)\n    at Promise.then.completed (/frontend/node_modules/jest-circus/build/utils.js:391:28)\n    at new Promise (<anonymous>)\n    at callAsyncCircusFn (/frontend/node_modules/jest-circus/build/utils.js:316:10)\n    at _callCircusTest (/frontend/node_modules/jest-circus/build/run.js:218:40)\n    at processTicksAndRejections (node:internal/process/task_queues:95:5)\n    at _runTest (/frontend/node_modules/jest-circus/build/run.js:155:3)\n    at _runTestsForDescribeBlock (/frontend/node_modules/jest-circus/build/run.js:66:9)\n    at _runTestsForDescribeBlock (/frontend/node_modules/jest-circus/build/run.js:60:9)\n    at run (/frontend/node_modules/jest-circus/build/run.js:25:3)\n    at runAndTransformResultsToJestFormat (/frontend/node_modules/jest-circus/build/legacy-code-todo-rewrite/jestAdapterInit.js:170:21)\n    at jestAdapter (/frontend/node_modules/jest-circus/build/legacy-code-todo-rewrite/jestAdapter.js:82:19)\n    at runTestInternal (/frontend/node_modules/jest-runner/build/runTest.js:389:16)\n    at runTest (/frontend/node_modules/jest-runner/build/runTest.js:475:34)\n    at Object.worker (/frontend/node_modules/jest-runner/build/testWorker.js:133:12)"],"fullName":"ReportList Component calls onSelect when a report is clicked","location":null,"status":"failed","title":"calls onSelect when a report is clicked"},{"ancestorTitles":["ReportList Component"],"failureMessages":["TestingLibraryElementError: Unable to find a label with the text of: Delete Report\n\nIgnored nodes: comments, script, style\n\u001b[36m<body>\u001b[39m\n  \u001b[36m<div>\u001b[39m\n    \u001b[36m<div\u001b[39m\n      \u001b[33mclass\u001b[39m=\u001b[32m\"MuiPaper-root MuiPaper-elevation MuiPaper-rounded MuiPaper-elevation3 css-ruejad-MuiPaper-root\"\u001b[39m\n    \u001b[36m>\u001b[39m\n      \u001b[36m<div\u001b[39m\n        \u001b[33mclass\u001b[39m=\u001b[32m\"MuiBox-root css-v08z5u\"\u001b[39m\n      \u001b[36m>\u001b[39m\n        \u001b[36m<h2\u001b[39m\n          \u001b[33mclass\u001b[39m=\u001b[32m\"MuiTypography-root MuiTypography-h5 css-1uo87qf-MuiTypography-root\"\u001b[39m\n        \u001b[36m>\u001b[39m\n          \u001b[0mAvailable Reports\u001b[0m\n        \u001b[36m</h2>\u001b[39m\n        \u001b[36m<div\u001b[39m\n          \u001b[33mclass\u001b[39m=\u001b[32m\"MuiBox-root css-0\"\u001b[39m\n        \u001b[36m>\u001b[39m\n          \u001b[36m<button\u001b[39m\n            \u001b[33mclass\u001b[39m=\u001b[32m\"MuiButtonBase-root MuiButton-root MuiButton-text MuiButton-textPrimary MuiButton-sizeMedium MuiButton-textSizeMedium MuiButton-colorPrimary MuiButton-root MuiButton-text MuiButton-textPrimary MuiButton-sizeMedium MuiButton-textSizeMedium MuiButton-colorPrimary css-za8x2c-MuiButtonBase-root-MuiButton-root\"\u001b[39m\n            \u001b[33mtabindex\u001b[39m=\u001b[32m\"0\"\u001b[39m\n            \u001b[33mtype\u001b[39m=\u001b[32m\"button\"\u001b[39m\n          \u001b[36m>\u001b[39m\n            \u001b[36m<span\u001b[39m\n              \u001b[33mclass\u001b[39m=\u001b[32m\"MuiButton-icon MuiButton-startIcon MuiButton-iconSizeMedium css-1d6wzja-MuiButton-startIcon\"\u001b[39m\n            \u001b[36m>\u001b[39m\n              \u001b[36m<svg\u001b[39m\n                \u001b[33maria-hidden\u001b[39m=\u001b[32m\"true\"\u001b[39m\n                \u001b[33mclass\u001b[39m=\u001b[32m\"MuiSvgIcon-root MuiSvgIcon-fontSizeMedium css-i4bv87-MuiSvgIcon-root\"\u001b[39m\n                \u001b[33mdata-testid\u001b[39m=\u001b[32m\"ExpandMoreIcon\"\u001b[39m\n                \u001b[33mfocusable\u001b[39m=\u001b[32m\"false\"\u001b[39m\n                \u001b[33mviewBox\u001b[39m=\u001b[32m\"0 0 24 24\"\u001b[39m\n              \u001b[36m>\u001b[39m\n                \u001b[36m<path\u001b[39m\n                  \u001b[33md\u001b[39m=\u001b[32m\"M16.59 8.59 12 13.17 7.41 8.59 6 10l6 6 6-6z\"\u001b[39m\n                \u001b[36m/>\u001b[39m\n              \u001b[36m</svg>\u001b[39m\n            \u001b[36m</span>\u001b[39m\n            \u001b[0mShow Filters\u001b[0m\n            \u001b[36m<span\u001b[39m\n              \u001b[33mclass\u001b[39m=\u001b[32m\"MuiTouchRipple-root css-8je8zh-MuiTouchRipple-root\"\u001b[39m\n            \u001b[36m/>\u001b[39m\n          \u001b[36m</button>\u001b[39m\n          \u001b[36m<button\u001b[39m\n            \u001b[33maria-label\u001b[39m=\u001b[32m\"Refresh\"\u001b[39m\n            \u001b[33mclass\u001b[39m=\u001b[32m\"MuiButtonBase-root MuiIconButton-root MuiIconButton-colorPrimary MuiIconButton-sizeMedium css-1kuq5xv-MuiButtonBase-root-MuiIconButton-root\"\u001b[39m\n            \u001b[33mdata-mui-internal-clone-element\u001b[39m=\u001b[32m\"true\"\u001b[39m\n            \u001b[33mtabindex\u001b[39m=\u001b[32m\"0\"\u001b[39m\n            \u001b[33mtype\u001b[39m=\u001b[32m\"button\"\u001b[39m\n          \u001b[36m>\u001b[39m\n            \u001b[36m<svg\u001b[39m\n              \u001b[33maria-hidden\u001b[39m=\u001b[32m\"true\"\u001b[39m\n              \u001b[33mclass\u001b[39m=\u001b[32m\"MuiSvgIcon-root MuiSvgIcon-fontSizeMedium css-i4bv87-MuiSvgIcon-root\"\u001b[39m\n              \u001b[33mdata-testid\u001b[39m=\u001b[32m\"RefreshIcon\"\u001b[39m\n              \u001b[33mfocusable\u001b[39m=\u001b[32m\"false\"\u001b[39m\n              \u001b[33mviewBox\u001b[39m=\u001b[32m\"0 0 24 24\"\u001b[39m\n            \u001b[36m>\u001b[39m\n              \u001b[36m<path\u001b[39m\n                \u001b[33md\u001b[39m=\u001b[32m\"M17.65 6.35C16.2 4.9 14.21 4 12 4c-4.42 0-7.99 3.58-7.99 8s3.57 8 7.99 8c3.73 0 6.84-2.55 7.73-6h-2.08c-.82 2.33-3.04 4-5.65 4-3.31 0-6-2.69-6-6s2.69-6 6-6c1.66 0 3.14.69 4.22 1.78L13 11h7V4z\"\u001b[39m\n              \u001b[36m/>\u001b[39m\n            \u001b[36m</svg>\u001b[39m\n            \u001b[36m<span\u001b[39m\n              \u001b[33mclass\u001b[39m=\u001b[32m\"MuiTouchRipple-root css-8je8zh-MuiTouchRipple-root\"\u001b[39m\n            \u001b[36m/>\u001b[39m\n          \u001b[36m</button>\u001b[39m\n        \u001b[36m</div>\u001b[39m\n      \u001b[36m</div>\u001b[39m\n      \u001b[36m<div\u001b[39m\n        \u001b[33mclass\u001b[39m=\u001b[32m\"MuiCollapse-root MuiCollapse-vertical MuiCollapse-hidden css-bz4dnt-MuiCollapse-root\"\u001b[39m\n        \u001b[33mstyle\u001b[39m=\u001b[32m\"min-height: 0px;\"\u001b[39m\n      \u001b[36m>\u001b[39m\n        \u001b[36m<div\u001b[39m\n          \u001b[33mclass\u001b[39m=\u001b[32m\"MuiCollapse-wrapper MuiCollapse-vertical css-smkl36-MuiCollapse-wrapper\"\u001b[39m\n        \u001b[36m>\u001b[39m\n          \u001b[36m<div\u001b[39m\n            \u001b[33mclass\u001b[39m=\u001b[32m\"MuiCollapse-wrapperInner MuiCollapse-vertical css-9l5vo-MuiCollapse-wrapperInner\"\u001b[39m\n          \u001b[36m>\u001b[39m\n            \u001b[36m<div\u001b[39m\n              \u001b[33mclass\u001b[39m=\u001b[32m\"MuiGrid-root MuiGrid-container MuiGrid-spacing-xs-2 css-12rc5ck-MuiGrid-root\"\u001b[39m\n            \u001b[36m>\u001b[39m\n              \u001b[36m<div\u001b[39m\n                \u001b[33mclass\u001b[39m=\u001b[32m\"MuiGrid-root MuiGrid-item MuiGrid-grid-xs-12 MuiGrid-grid-sm-6 MuiGrid-grid-md-3 css-10voxkt-MuiGrid-root\"\u001b[39m\n              \u001b[36m>\u001b[39m\n                \u001b[36m<div\u001b[39m\n                  \u001b[33mclass\u001b[39m=\u001b[32m\"MuiFormControl-root MuiFormControl-fullWidth MuiTextField-root css-wb57ya-MuiFormControl-root-MuiTextField-root\"\u001b[39m\n                \u001b[36m>\u001b[39m\n                  \u001b[36m<label\u001b[39m\n                    \u001b[33mclass\u001b[39m=\u001b[32m\"MuiFormLabel-root MuiInputLabel-root MuiInputLabel-formControl MuiInputLabel-animated MuiInputLabel-shrink MuiInputLabel-sizeMedium MuiInputLabel-outlined MuiFormLabel-colorPrimary MuiInputLabel-root MuiInputLabel-formControl MuiInputLabel-animated MuiInputLabel-shrink MuiInputLabel-sizeMedium MuiInputLabel-outlined css-1jy569b-MuiFormLabel-root-MuiInputLabel-root\"\u001b[39m\n                    \u001b[33mdata-shrink\u001b[39m=\u001b[32m\"true\"\u001b[39m\n                    \u001b[33mfor\u001b[39m=\u001b[32m\":rb:\"\u001b[39m\n                    \u001b[33mid\u001b[39m=\u001b[32m\":rb:-label\"\u001b[39m\n                  \u001b[36m>\u001b[39m\n                    \u001b[0mSearch Reports\u001b[0m\n                  \u001b[36m</label>\u001b[39m\n                  \u001b[36m<div\u001b[39m\n                    \u001b[33mclass\u001b[39m=\u001b[32m\"MuiInputBase-root MuiOutlinedInput-root MuiInputBase-col
[...]
el\u001b[39m=\u001b[32m\"Refresh\"\u001b[39m\n                \u001b[33mclass\u001b[39m=\u001b[32m\"MuiButtonBase-root MuiIconButton-root MuiIconButton-colorPrimary MuiIconButton-sizeMedium css-1kuq5xv-MuiButtonBase-root-MuiIconButton-root\"\u001b[39m\n                \u001b[33mdata-mui-internal-clone-element\u001b[39m=\u001b[32m\"true\"\u001b[39m\n                \u001b[33mtabindex\u001b[39m=\u001b[32m\"0\"\u001b[39m\n                \u001b[33mtype\u001b[39m=\u001b[32m\"button\"\u001b[39m\n              \u001b[36m>\u001b[39m\n                \u001b[36m<svg\u001b[39m\n                  \u001b[33maria-hidden\u001b[39m=\u001b[32m\"true\"\u001b[39m\n                  \u001b[33mclass\u001b[39m=\u001b[32m\"MuiSvgIcon-root MuiSvgIcon-fontSizeMedium css-i4bv87-MuiSvgIcon-root\"\u001b[39m\n                  \u001b[33mdata-testid\u001b[39m=\u001b[32m\"RefreshIcon\"\u001b[39m\n                  \u001b[33mfocusable\u001b[39m=\u001b[32m\"false\"\u001b[39m\n                  \u001b[33mviewBox\u001b[39m=\u001b[32m\"0 0 24 24\"\u001b[39m\n                \u001b[36m>\u001b[39m\n                  \u001b[36m<path\u001b[39m\n                    \u001b[33md\u001b[39m=\u001b[32m\"M17.65 6.35C16.2 4.9 14.21 4 12 4c-4.42 0-7.99 3.58-7.99 8s3.57 8 7.99 8c3.73 0 6.84-2.55 7.73-6h-2.08c-.82 2.33-3.04 4-5.65 4-3.31 0-6-2.69-6-6s2.69-6 6-6c1.66 0 3.14.69 4.22 1.78L13 11h7V4z\"\u001b[39m\n                  \u001b[36m/>\u001b[39m\n                \u001b[36m</svg>\u001b[39m\n                \u001b[36m<span\u001b[39m\n                  \u001b[33mclass\u001b[39m=\u001b[32m\"MuiTouchRipple-root css-8je8zh-MuiTouchRipple-root\"\u001b[39m\n                \u001b[36m/>\u001b[39m\n              \u001b[36m</button>\u001b[39m\n            \u001b[36m</div>\u001b[39m\n          \u001b[36m</div>\u001b[39m\n          \u001b[36m<div\u001b[39m\n            \u001b[33mclass\u001b[39m=\u001b[32m\"MuiCollapse-root MuiCollapse-vertical MuiCollapse-hidden css-bz4dnt-MuiCollapse-root\"\u001b[39m\n            \u001b[33mstyle\u001b[39m=\u001b[32m\"min-height: 0px;\"\u001b[39m\n          \u001b[36m>\u001b[39m\n            \u001b[36m<div\u001b[39m\n              \u001b[33mclass\u001b[39m=\u001b[32m\"MuiCollapse-wrapper MuiCollapse-vertical css-smkl36-MuiCollapse-wrapper\"\u001b[39m\n            \u001b[36m>\u001b[39m\n              \u001b[36m<div\u001b[39m\n                \u001b[33mclass\u001b[39m=\u001b[32m\"MuiCollapse-wrapperInner MuiCollapse-vertical css-9l5vo-MuiCollapse-wrapperInner\"\u001b[39m\n              \u001b[36m>\u001b[39m\n                \u001b[36m<div\u001b[39m\n                  \u001b[33mclass\u001b[39m=\u001b[32m\"MuiGrid-root MuiGrid-container MuiGrid-spacing-xs-2 css-12rc5ck-MuiGrid-root\"\u001b[39m\n                \u001b[36m>\u001b[39m\n                  \u001b[36m<div\u001b[39m\n                    \u001b[33mclass\u001b[39m=\u001b[32m\"MuiGrid-root MuiGrid-item MuiGrid-grid-xs-12 MuiGrid-grid-sm-6 MuiGrid-grid-md-3 css-10voxkt-MuiGrid-root\"\u001b[39m\n                  \u001b[36m>\u001b[39m\n                    \u001b[36m<div\u001b[39m\n                      \u001b[33mclass\u001b[39m=\u001b[32m\"MuiFormControl-root MuiFormControl-fullWidth MuiTextField-root css-wb57ya-MuiFormControl-root-MuiTextField-root\"\u001b[39m\n                    \u001b[36m>\u001b[39m\n                      \u001b[36m<label\u001b[39m\n                        \u001b[33mclass\u001b[39m=\u001b[32m\"MuiFormLabel-root MuiInputLabel-root MuiInputLabel-formControl MuiInputLabel-animated MuiInputLabel-shrink MuiInputLabel-sizeMedium MuiInputLabel-outlined MuiFormLabel-colorPrimary MuiInputLabel-root MuiInputLabel-formControl MuiInputLabel-animated MuiInputLabel-shrink MuiInputLabel-sizeMedium MuiInputLabel-outlined css-1jy569b-MuiFormLabel-root-MuiInputLabel-root\"\u001b[39m\n                        \u001b[33mdata-shrink\u001b[39m=\u001b[32m\"true\"\u001b[39m\n                        \u001b[33mfor\u001b[39m=\u001b[32m\":r6:\"\u001b[39m\n                        \u001b[33mid\u001b[39m=\u001b[32m\":r6:-label\"\u001b[39m\n                      \u001b[36m>\u001b[39m\n                        \u001b[0mSearch Reports\u001b[0m\n                      \u001b[36m</label>\u001b[39m\n                      \u001b[36m<div\u001b[39m\n                        \u001b[33mclass\u001b[39m=\u001b[32m\"MuiInputBase-root MuiOutlinedInput-root MuiInputBase-colorPrimary MuiInputBase-fullWidth MuiInputBase-formControl MuiInputBase-adornedStart css-8j6b76-MuiInputBase-root-MuiOutlinedInput-root\"\u001b[39m\n                      \u001b[36m>\u001b[39m\n                        \u001b[36m<div\u001b[39m\n                          \u001b[33mclass\u001b[39m=\u001b[32m\"MuiInputAdornment-root MuiInputAdornment-positionStart MuiInputAdornment-outlined MuiInputAdornment-sizeMedium css-ittuaa-MuiInputAdornment-root\"\u001b[39m\n                        \u001b[36m>\u001b[39m\n                          \u001b[36m<span\u001b[39m\n                            \u001b[33mclass\u001b[39m=\u001b[32m\"notranslate\"\u001b[39m\n                          \u001b[36m>\u001b[39m\n                            \u001b[0m​\u001b[0m\n                          \u001b[36m</span>\u001b[39m\n                          \u001b[36m<svg\u001b[39m\n                            \u001b[33maria-hidden\u001b[39m=\u001b[32m\"true\"\u001b[39m\n                            \u001b[33mclass\u001b[39m=\u001b[32m\"MuiSvgIcon-root MuiSvgIcon-fontSizeMedium css-i4bv87-MuiSvgIcon-root\"\u001b[39m\n                            \u001b[33mdata-testid\u001b[39m=\u001b[32m\"SearchIcon\"\u001b[39m\n                            \u001b[33mfocusable\u001b[39m=\u001b[32m\"false\"\u001b[39m\n                            \u001b[33mviewBox\u001b[39m=\u001b[32m\"0 0 24 24\"\u001b[39m\n                          \u001b[36m>\u001b[39m\n                            \u001b[36m<path\u001b[39m\n                              \u001b[33md\u001b[39m=\u001b[32m\"M15.5 14h-.79l-.28-.27C15.41 12.59 16 11.11 16 9.5 16 5.91 13.09 3 9.5 3S3 5.91 3 9.5 5.91 16 9.5 16c1.61 0 3.09-.59 4.23-1.57l.27.28v.79l5 4.99L20.49 19zm-6 0C7.01 14 5 11.99 5 9.5S7.01 5 9.5 5 14 7.01 14 9.5 11.99 14 9.5 14\"\u001b[39m\n                            \u001b[36m/>\u001b[39m\n                          \u001b[36m</svg>\u001b[39m\n                        \u001b[36m</div>\u001b[39m\n                        \u001b[36m<input\u001b[39...\n\u001b[2m\u001b[22m\n\u001b[2m    \u001b[0m \u001b[90m 30 |\u001b[39m             \u001b[33m/\u001b[39m\u001b[33m>\u001b[39m\u001b[22m\n\u001b[2m     \u001b[90m 31 |\u001b[39m         )\u001b[33m;\u001b[39m\u001b[22m\n\u001b[2m    \u001b[31m\u001b[1m>\u001b[22m\u001b[2m\u001b[39m\u001b[90m 32 |\u001b[39m         \u001b[36mconst\u001b[39m report \u001b[33m=\u001b[39m screen\u001b[33m.\u001b[39mgetByText(\u001b[35m/Test Report/i\u001b[39m)\u001b[33m;\u001b[39m\u001b[22m\n\u001b[2m     \u001b[90m    |\u001b[39m                               \u001b[31m\u001b[1m^\u001b[22m\u001b[2m\u001b[39m\u001b[22m\n\u001b[2m     \u001b[90m 33 |\u001b[39m         fireEvent\u001b[33m.\u001b[39mclick(report)\u001b[33m;\u001b[39m\u001b[22m\n\u001b[2m     \u001b[90m 34 |\u001b[39m         expect(mockOnSelect)\u001b[33m.\u001b[39mtoHaveBeenCalled()\u001b[33m;\u001b[39m\u001b[22m\n\u001b[2m     \u001b[90m 35 |\u001b[39m     })\u001b[33m;\u001b[39m\u001b[0m\u001b[22m\n\u001b[2m\u001b[22m\n\u001b[2m      \u001b[2mat Object.getElementError (\u001b[22m\u001b[2mnode_modules/@testing-library/react/node_modules/@testing-library/dom/dist/config.js\u001b[2m:37:19)\u001b[22m\u001b[2m\u001b[22m\n\u001b[2m      \u001b[2mat \u001b[22m\u001b[2mnode_modules/@testing-library/react/node_modules/@testing-library/dom/dist/query-helpers.js\u001b[2m:76:38\u001b[22m\u001b[2m\u001b[22m\n\u001b[2m      \u001b[2mat \u001b[22m\u001b[2mnode_modules/@testing-library/react/node_modules/@testing-library/dom/dist/query-helpers.js\u001b[2m:52:17\u001b[22m\u001b[2m\u001b[22m\n\u001b[2m      \u001b[2mat getByText (\u001b[22m\u001b[2mnode_modules/@testing-library/react/node_modules/@testing-library/dom/dist/query-helpers.js\u001b[2m:95:19)\u001b[22m\u001b[2m\u001b[22m\n\u001b[2m      \u001b[2mat Object.<anonymous> (\u001b[22m\u001b[2m\u001b[0m\u001b[36msrc/components/__tests__/ReportList.test.js\u001b[39m\u001b[0m\u001b[2m:32:31)\u001b[22m\u001b[2m\u001b[22m\n\n\u001b[1m\u001b[31m  \u001b[1m● \u001b[22m\u001b[1mReportList Component › calls onDelete when delete button is clicked\u001b[39m\u001b[22m\n\n    TestingLibraryElementError: Unable to find a label with the text of: Delete Report\n\n    Ignored nodes: comments, script, style\n    \u001b[36m<body>\u001b[39m\n      \u001b[36m<div>\u001b[39m\n        \u001b[36m<div\u001b[39m\n          \u001b[33mclass\u001b[39m=\u001b[32m\"MuiPaper-root MuiPaper-elevation MuiPaper-rounded MuiPaper-elevation3 css-ruejad-MuiPaper-root\"\u001b[39m\n        \u001b[36m>\u001b[39m\n          \u001b[36m<div\u001b[39m\n            \u001b[33mclass\u001b[39m=\u001b[32m\"MuiBox-root css-v08z5u\"\u001b[39m\n          \u001b[36m>\u001b[39m\n            \u001b[36m<h2\u001b[39m\n              \u001b[33mclass\u001b[39m=\u001b[32m\"MuiTypography-root MuiTypography-h5 css-1uo87qf-MuiTypography-root\"\u001b[39m\n            \u001b[36m>\u001b[39m\n              \u001b[0mAvailable Reports\u001b[0m\n            \u001b[36m</h2>\u001b[39m\n            \u001b[36m<div\u001b[39m\n              \u001b[33mclass\u001b[39m=\u001b[32m\"MuiBox-root css-0\"\u001b[39m\n            \u001b[36m>\u001b[39m\n              \u001b[36m<button\u001b[39m\n                \u001b[33mclass\u001b[39m=\u001b[32m\"MuiButtonBase-root MuiButton-root MuiButton-text MuiButton-textPrimary MuiButton-sizeMedium MuiButton-textSizeMedium MuiButton-colorPrimary MuiButton-root MuiButton-text MuiButton-textPrimary MuiButton-sizeMedium MuiButton-textSizeMedium MuiButton-colorPrimary css-za8x2c-MuiButtonBase-root-MuiButton-root\"\u001b[39m\n                \u001b[33mtabindex\u001b[39m=\u001b[32m\"0\"\u001b[39m\n                \u001b[33mtype\u001b[39m=\u001b[32m\"button\"\u001b[39m\n              \u001b[36m>\u001b[39m\n                \u001b[36m<span\u001b[39m\n                  \u001b[33mclass\u001b[39m=\u001b[32m\"MuiButton-icon MuiButton-startIcon MuiButton-iconSizeMedium css-1d6wzja-MuiButton-startIcon\"\u001b[39m\n                \u001b[36m>\u001b[39m\n                  \u001b[36m<svg\u001b[39m\n                    \u001b[33maria-hidden\u001b[39m=\u001b[32m\"true\"\u001b[39m\n                    \u001b[33mclass\u001b[39m=\u001b[32m\"MuiSvgIcon-root MuiSvgIcon-fontSizeMedium css-i4bv87-MuiSvgIcon-root\"\u001b[39m\n                    \u001b[33mdata-testid\u001b[39m=\u001b[32m\"ExpandMoreIcon\"\u001b[39m\n                    \u001b[33mfocusable\u001b[39m=\u001b[32m\"false\"\u001b[39m\n                    \u001b[33mviewBox\u001b[39m=\u001b[32m\"0 0 24 24\"\u001b[39m\n                  \u001b[36m>\u001b[39m\n                    \u001b[36m<path\u001b[39m\n                      \u001b[33md\u001b[39m=\u001b[32m\"M16.59 8.59 12 13.17 7.41 8.59 6 10l6 6 6-6z\"\u001b[39m\n                    \u001b[36m/>\u001b[39m\n                  \u001b[36m</svg>\u001b[39m\n                \u001b[36m</span>\u001b[39m\n                \u001b[0mShow Filters\u001b[0m\n                \u001b[36m<span\u001b[39m\n                  \u001b[33mclass\u001b[39m=\u001b[32m\"MuiTouchRipple-root css-8je8zh-MuiTouchRipple-root\"\u001b[39m\n                \u001b[36m/>\u001b[39m\n              \u001b[36m</button>\u001b[39m\n              \u001b[36m<button\u001b[39m\n                \u001b[33maria-label\u001b[39m=\u001b[32m\"Refresh\"\u001b[39m\n                \u001b[33mclass\u001b[39m=\u001b[32m\"MuiButtonBase-root MuiIconButton-root MuiIconButton-colorPrimary MuiIconButton-sizeMedium css-1kuq5xv-MuiButtonBase-root-MuiIconButton-root\"\u001b[39m\n                \u001b[33mdata-mui-internal-clone-element\u001b[39m=\u001b[32m\"true\"\u001b[39m\n                \u001b[33mtabindex\u001b[39m=\u001b[32m\"0\"\u001b[39m\n                \u001b[33mtype\u001b[39m=\u001b[32m\"button\"\u001b[39m\n              \u001b[36m>\u001b[39m\n                \u001b[36m<svg\u001b[39m\n                  \u001b[33maria-hidden\u001b[39m=\u001b[32m\"true\"\u001b[39m\n                  \u001b[33mclass\u001b[39m=\u001b[32m\"MuiSvgIcon-root MuiSvgIcon-fontSizeMedium css-i4bv87-MuiSvgIcon-root\"\u001b[39m\n                  \u001b[33mdata-testid\u001b[39m=\u001b[32m\"RefreshIcon\"\u001b[39m\n                  \u001b[33mfocusable\u001b[39m=\u001b[32m\"false\"\u001b[39m\n                  \u001b[33mviewBox\u001b[39m=\u001b[32m\"0 0 24 24\"\u001b[39m\n                \u001b[36m>\u001b[39m\n                  \u001b[36m<path\u001b[39m\n                    \u001b[33md\u001b[39m=\u001b[32m\"M17.65 6.35C16.2 4.9 14.21 4 12 4c-4.42 0-7.99 3.58-7.99 8s3.57 8 7.99 8c3.73 0 6.84-2.55 7.73-6h-2.08c-.82 2.33-3.04 4-5.65 4-3.31 0-6-2.69-6-6s2.69-6 6-6c1.66 0 3.14.69 4.22 1.78L13 11h7V4z\"\u001b[39m\n                  \u001b[36m/>\u001b[39m\n                \u001b[36m</svg>\u001b[39m\n                \u001b[36m<span\u001b[39m\n                  \u001b[33mclass\u001b[39m=\u001b[32m\"MuiTouchRipple-root css-8je8zh-MuiTouchRipple-root\"\u001b[39m\n                \u001b[36m/>\u001b[39m\n              \u001b[36m</button>\u001b[39m\n            \u001b[36m</div>\u001b[39m\n          \u001b[36m</div>\u001b[39m\n          \u001b[36m<div\u001b[39m\n            \u001b[33mclass\u001b[39m=\u001b[32m\"MuiCollapse-root MuiCollapse-vertical MuiCollapse-hidden css-bz4dnt-MuiCollapse-root\"\u001b[39m\n            \u001b[33mstyle\u001b[39m=\u001b[32m\"min-height: 0px;\"\u001b[39m\n          \u001b[36m>\u001b[39m\n            \u001b[36m<div\u001b[39m\n              \u001b[33mclass\u001b[39m=\u001b[32m\"MuiCollapse-wrapper MuiCollapse-vertical css-smkl36-MuiCollapse-wrapper\"\u001b[39m\n            \u001b[36m>\u001b[39m\n              \u001b[36m<div\u001b[39m\n                \u001b[33mclass\u001b[39m=\u001b[32m\"MuiCollapse-wrapperInner MuiCollapse-vertical css-9l5vo-MuiCollapse-wrapperInner\"\u001b[39m\n              \u001b[36m>\u001b[39m\n                \u001b[36m<div\u001b[39m\n                  \u001b[33mclass\u001b[39m=\u001b[32m\"MuiGrid-root MuiGrid-container MuiGrid-spacing-xs-2 css-12rc5ck-MuiGrid-root\"\u001b[39m\n                \u001b[36m>\u001b[39m\n                  \u001b[36m<div\u001b[39m\n                    \u001b[33mclass\u001b[39m=\u001b[32m\"MuiGrid-root MuiGrid-item MuiGrid-grid-xs-12 MuiGrid-grid-sm-6 MuiGrid-grid-md-3 css-10voxkt-MuiGrid-root\"\u001b[39m\n                  \u001b[36m>\u001b[39m\n                    \u001b[36m<div\u001b[39m\n                      \u001b[33mclass\u001b[39m=\u001b[32m\"MuiFormControl-root MuiFormControl-fullWidth MuiTextField-root css-wb57ya-MuiFormControl-root-MuiTextField-root\"\u001b[39m\n                    \u001b[36m>\u001b[39m\n                      \u001b[36m<label\u001b[39m\n                        \u001b[33mclass\u001b[39m=\u001b[32m\"MuiFormLabel-root MuiInputLabel-root MuiInputLabel-formControl MuiInputLabel-animated MuiInputLabel-shrink MuiInputLabel-sizeMedium MuiInputLabel-outlined MuiFormLabel-colorPrimary MuiInputLabel-root MuiInputLabel-formControl MuiInputLabel-animated MuiInputLabel-shrink MuiInputLabel-sizeMedium MuiInputLabel-outlined css-1jy569b-MuiFormLabel-root-MuiInputLabel-root\"\u001b[39m\n                        \u001b[33mdata-shrink\u001b[39m=\u001b[32m\"true\"\u001b[39m\n                        \u001b[33mfor\u001b[39m=\u001b[32m\":rb:\"\u001b[39m\n                        \u001b[33mid\u001b[39m=\u001b[32m\":rb:-label\"\u001b[39m\n                      \u001b[36m>\u001b[39m\n                        \u001b[0mSearch Reports\u001b[0m\n                      \u001b[36m</label>\u001b[39m\n                      \u001b[36m<div\u001b[39m\n                        \u001b[33mclass\u001b[39m=\u001b[32m\"MuiInputBase-root MuiOutlinedInput-root MuiInputBase-colorPrimary MuiInputBase-fullWidth MuiInputBase-formControl MuiInputBase-adornedStart css-8j6b76-MuiInputBase-root-MuiOutlinedInput-root\"\u001b[39m\n                      \u001b[36m>\u001b[39m\n                        \u001b[36m<div\u001b[39m\n                          \u001b[33mclass\u001b[39m=\u001b[32m\"MuiInputAdornment-root MuiInputAdornment-positionStart MuiInputAdornment-outlined MuiInputAdornment-sizeMedium css-ittuaa-MuiInputAdornment-root\"\u001b[39m\n                        \u001b[36m>\u001b[39m\n                          \u001b[36m<span\u001b[39m\n                            \u001b[33mclass\u001b[39m=\u001b[32m\"notranslate\"\u001b[39m\n                          \u001b[36m>\u001b[39m\n                            \u001b[0m​\u001b[0m\n                          \u001b[36m</span>\u001b[39m\n                          \u001b[36m<svg\u001b[39m\n                            \u001b[33maria-hidden\u001b[39m=\u001b[32m\"true\"\u001b[39m\n                            \u001b[33mclass\u001b[39m=\u001b[32m\"MuiSvgIcon-root MuiSvgIcon-fontSizeMedium css-i4bv87-MuiSvgIcon-root\"\u001b[39m\n                            \u001b[33mdata-testid\u001b[39m=\u001b[32m\"SearchIcon\"\u001b[39m\n                            \u001b[33mfocusable\u001b[39m=\u001b[32m\"false\"\u001b[39m\n                            \u001b[33mviewBox\u001b[39m=\u001b[32m\"0 0 24 24\"\u001b[39m\n                          \u001b[36m>\u001b[39m\n                            \u001b[36m<path\u001b[39m\n                              \u001b[33md\u001b[39m=\u001b[32m\"M15.5 14h-.79l-.28-.27C15.41 12.59 16 11.11 16 9.5 16 5.91 13.09 3 9.5 3S3 5.91 3 9.5 5.91 16 9.5 16c1.61 0 3.09-.59 4.23-1.57l.27.28v.79l5 4.99L20.49 19zm-6 0C7.01 14 5 11.99 5 9.5S7.01 5 9.5 5 14 7.01 14 9.5 11.99 14 9.5 14\"\u001b[39m\n                            \u001b[36m/>\u001b[39m\n                          \u001b[36m</svg>\u001b[39m\n                        \u001b[36m</div>\u001b[39m\n                        \u001b[36m<input\u001b[39...\n\u001b[2m\u001b[22m\n\u001b[2m    \u001b[0m \u001b[90m 46 |\u001b[39m             \u001b[33m/\u001b[39m\u001b[33m>\u001b[39m\u001b[22m\n\u001b[2m     \u001b[90m 47 |\u001b[39m         )\u001b[33m;\u001b[39m\u001b[22m\n\u001b[2m    \u001b[31m\u001b[1m>\u001b[22m\u001b[2m\u001b[39m\u001b[90m 48 |\u001b[39m         \u001b[36mconst\u001b[39m deleteButton \u001b[33m=\u001b[39m screen\u001b[33m.\u001b[39mgetByLabelText(\u001b[32m'Delete Report'\u001b[39m)\u001b[33m;\u001b[39m\u001b[22m\n\u001b[2m     \u001b[90m    |\u001b[39m                                     \u001b[31m\u001b[1m^\u001b[22m\u001b[2m\u001b[39m\u001b[22m\n\u001b[2m     \u001b[90m 49 |\u001b[39m         fireEvent\u001b[33m.\u001b[39mclick(deleteButton)\u001b[33m;\u001b[39m\u001b[22m\n\u001b[2m     \u001b[90m 50 |\u001b[39m         expect(mockOnDelete)\u001b[33m.\u001b[39mtoHaveBeenCalled()\u001b[33m;\u001b[39m\u001b[22m\n\u001b[2m     \u001b[90m 51 |\u001b[39m     })\u001b[33m;\u001b[39m\u001b[0m\u001b[22m\n\u001b[2m\u001b[22m\n\u001b[2m      \u001b[2mat Object.getElementError (\u001b[22m\u001b[2mnode_modules/@testing-library/react/node_modules/@testing-library/dom/dist/config.js\u001b[2m:37:19)\u001b[22m\u001b[2m\u001b[22m\n\u001b[2m      \u001b[2mat getAllByLabelText (\u001b[22m\u001b[2mnode_modules/@testing-library/react/node_modules/@testing-library/dom/dist/queries/label-text.js\u001b[2m:103:38)\u001b[22m\u001b[2m\u001b[22m\n\u001b[2m      \u001b[2mat \u001b[22m\u001b[2mnode_modules/@testing-library/react/node_modules/@testing-library/dom/dist/query-helpers.js\u001b[2m:52:17\u001b[22m\u001b[2m\u001b[22m\n\u001b[2m      \u001b[2mat getByLabelText (\u001b[22m\u001b[2mnode_modules/@testing-library/react/node_modules/@testing-library/dom/dist/query-helpers.js\u001b[2m:95:19)\u001b[22m\u001b[2m\u001b[22m\n\u001b[2m      \u001b[2mat Object.<anonymous> (\u001b[22m\u001b[2m\u001b[0m\u001b[36msrc/components/__tests__/ReportList.test.js\u001b[39m\u001b[0m\u001b[2m:48:37)\u001b[22m\u001b[2m\u001b[22m\n","name":"/frontend/src/components/__tests__/ReportList.test.js","startTime":1728118733778,"status":"failed","summary":""}],"wasInterrupted":false}